Logs pour stratégie: LoggingExampleStrategy
================================================================================


--- logging_0 ---
[Tick 0] Stratégie initialisée pour logging_0
[Tick 7] Nouveau bloc accepté: greedy_3_0 de adaptive_1, hauteur 1
[Tick 9] Nouveau bloc accepté: greedy_0_0 de adaptive_0, hauteur 1
[Tick 10] Tentative de minage au tick 10
[Tick 11] Nouveau bloc accepté: adaptive_0_0 de adaptive_0, hauteur 2
[Tick 14] Nouveau bloc accepté: greedy_2_0 de greedy_2, hauteur 3
[Tick 15] Nouveau bloc accepté: adaptive_1_0 de adaptive_1, hauteur 2
[Tick 19] Choix du parent: greedy_2_0 (hauteur 3)
[Tick 19] Bloc rejeté: greedy_3_2 de greedy_3
[Tick 19] Nouveau bloc accepté: adaptive_0_1 de basic_1, hauteur 3
[Tick 20] Tentative de minage au tick 20
[Tick 20] Nouveau bloc accepté: basic_1_0 de basic_1, hauteur 3
[Tick 20] Nouveau bloc accepté: greedy_3_1 de basic_1, hauteur 2
[Tick 23] Bloc rejeté: greedy_0_2 de greedy_0
[Tick 25] Nouveau bloc accepté: basic_0_0 de basic_0, hauteur 4
[Tick 25] Nouveau bloc accepté: greedy_2_1 de basic_1, hauteur 4
[Tick 25] Nouveau bloc accepté: greedy_3_3 de greedy_3, hauteur 5
[Tick 25] Nouveau bloc accepté: greedy_1_0 de basic_1, hauteur 2
[Tick 28] Nouveau bloc accepté: greedy_0_1 de greedy_2, hauteur 4
[Tick 28] Nouveau bloc accepté: adaptive_1_1 de adaptive_1, hauteur 5
[Tick 29] Bloc rejeté: logging_0_0 de adaptive_0
[Tick 30] Tentative de minage au tick 30
[Tick 30] Nouveau bloc accepté: greedy_1_1 de greedy_1, hauteur 4
[Tick 30] Nouveau bloc accepté: logging_1_0 de basic_1, hauteur 5
[Tick 30] Nouveau bloc accepté: greedy_1_2 de greedy_0, hauteur 6
[Tick 31] Choix du parent: greedy_0_2 (hauteur 6)
[Tick 32] Nouveau bloc accepté: greedy_2_2 de greedy_2, hauteur 6
[Tick 38] Nouveau bloc accepté: greedy_3_4 de greedy_2, hauteur 7
[Tick 39] Bloc rejeté: greedy_0_3 de greedy_0
[Tick 40] Tentative de minage au tick 40
[Tick 41] Nouveau bloc accepté: basic_1_1 de basic_1, hauteur 7
[Tick 42] Nouveau bloc accepté: greedy_3_5 de greedy_3, hauteur 8
[Tick 43] Nouveau bloc accepté: adaptive_0_2 de basic_1, hauteur 8
[Tick 43] Nouveau bloc accepté: basic_0_1 de greedy_3, hauteur 6
[Tick 43] Bloc rejeté: greedy_2_3 de greedy_2
[Tick 43] Bloc rejeté: logging_0_1 de greedy_3
[Tick 44] Nouveau bloc accepté: greedy_1_3 de adaptive_1, hauteur 8
[Tick 45] Nouveau bloc accepté: logging_1_1 de logging_1, hauteur 9
[Tick 46] Nouveau bloc accepté: basic_1_2 de basic_1, hauteur 8
[Tick 48] Nouveau bloc accepté: greedy_1_4 de greedy_1, hauteur 9
[Tick 50] Tentative de minage au tick 50
[Tick 50] Choix du parent: logging_1_1 (hauteur 9)
[Tick 53] Nouveau bloc accepté: adaptive_1_2 de greedy_1, hauteur 8
[Tick 54] Nouveau bloc accepté: greedy_2_4 de greedy_3, hauteur 10
[Tick 55] Nouveau bloc accepté: greedy_1_5 de greedy_1, hauteur 11
[Tick 57] Nouveau bloc accepté: greedy_0_4 de greedy_1, hauteur 10
[Tick 60] Tentative de minage au tick 60
[Tick 60] Nouveau bloc accepté: adaptive_0_3 de logging_1, hauteur 10
[Tick 61] Nouveau bloc accepté: basic_0_2 de basic_0, hauteur 10
[Tick 61] Nouveau bloc accepté: greedy_3_6 de greedy_3, hauteur 11
[Tick 61] Bloc rejeté: logging_0_2 de basic_1
[Tick 62] Nouveau bloc accepté: logging_1_2 de logging_1, hauteur 12
[Tick 62] Nouveau bloc accepté: adaptive_1_3 de adaptive_1, hauteur 11
[Tick 64] Nouveau bloc accepté: basic_1_3 de greedy_3, hauteur 10
[Tick 65] Nouveau bloc accepté: greedy_2_5 de adaptive_0, hauteur 12
[Tick 66] Choix du parent: logging_1_2 (hauteur 12)
[Tick 68] Nouveau bloc accepté: adaptive_1_4 de basic_0, hauteur 12
[Tick 70] Tentative de minage au tick 70
[Tick 71] Nouveau bloc accepté: greedy_1_6 de greedy_1, hauteur 12
[Tick 71] Nouveau bloc accepté: greedy_2_6 de basic_0, hauteur 13
[Tick 71] Bloc rejeté: logging_0_3 de greedy_0
[Tick 72] Nouveau bloc accepté: greedy_0_5 de greedy_0, hauteur 13
[Tick 75] Nouveau bloc accepté: greedy_2_7 de greedy_1, hauteur 14
[Tick 78] Choix du parent: greedy_2_7 (hauteur 14)
[Tick 80] Tentative de minage au tick 80
[Tick 80] Nouveau bloc accepté: greedy_1_7 de greedy_2, hauteur 15
[Tick 80] Nouveau bloc accepté: basic_1_4 de greedy_1, hauteur 14
[Tick 82] Nouveau bloc accepté: adaptive_0_4 de adaptive_0, hauteur 14
[Tick 82] Nouveau bloc accepté: greedy_3_7 de greedy_2, hauteur 13
[Tick 82] Nouveau bloc accepté: basic_0_3 de greedy_1, hauteur 14
[Tick 83] Nouveau bloc accepté: greedy_3_8 de basic_1, hauteur 15
[Tick 84] Bloc rejeté: logging_0_4 de greedy_2
[Tick 85] Nouveau bloc accepté: greedy_2_8 de greedy_2, hauteur 15
[Tick 85] Nouveau bloc accepté: greedy_0_6 de greedy_1, hauteur 14
[Tick 85] Nouveau bloc accepté: basic_0_4 de basic_0, hauteur 16
[Tick 86] Nouveau bloc accepté: logging_1_3 de greedy_1, hauteur 14
[Tick 87] Choix du parent: basic_0_4 (hauteur 16)
[Tick 87] Nouveau bloc accepté: logging_1_4 de logging_1, hauteur 16
[Tick 89] Nouveau bloc accepté: adaptive_0_5 de greedy_0, hauteur 16
[Tick 89] Bloc rejeté: logging_0_5 de greedy_3
[Tick 90] Tentative de minage au tick 90
[Tick 92] Nouveau bloc accepté: greedy_2_9 de greedy_2, hauteur 16
[Tick 92] Nouveau bloc accepté: greedy_0_7 de greedy_0, hauteur 16
[Tick 95] Nouveau bloc accepté: adaptive_1_5 de adaptive_1, hauteur 16
[Tick 95] Nouveau bloc accepté: greedy_1_8 de greedy_1, hauteur 17
[Tick 95] Nouveau bloc accepté: basic_1_5 de greedy_2, hauteur 16
[Tick 96] Nouveau bloc accepté: greedy_3_9 de greedy_3, hauteur 18
[Tick 99] Nouveau bloc accepté: greedy_2_10 de logging_1, hauteur 18
[Tick 100] Tentative de minage au tick 100
[Tick 101] Choix du parent: greedy_3_9 (hauteur 18)
[Tick 101] Nouveau bloc accepté: greedy_0_8 de adaptive_0, hauteur 19
[Tick 104] Nouveau bloc accepté: basic_0_5 de adaptive_1, hauteur 18
[Tick 104] Nouveau bloc accepté: greedy_0_9 de greedy_0, hauteur 20
[Tick 106] Bloc rejeté: greedy_3_11 de greedy_3
[Tick 107] Bloc rejeté: adaptive_1_6 de adaptive_0
[Tick 107] Bloc rejeté: adaptive_0_6 de greedy_2
[Tick 107] Nouveau bloc accepté: logging_1_5 de greedy_3, hauteur 19
[Tick 108] Nouveau bloc accepté: greedy_3_10 de greedy_1, hauteur 19
[Tick 108] Bloc rejeté: logging_0_6 de adaptive_1
[Tick 110] Tentative de minage au tick 110
[Tick 110] Nouveau bloc accepté: basic_1_6 de basic_1, hauteur 20
[Tick 111] Nouveau bloc accepté: greedy_1_9 de basic_0, hauteur 19
[Tick 113] Nouveau bloc accepté: basic_0_6 de basic_0, hauteur 20
[Tick 114] Choix du parent: greedy_0_9 (hauteur 20)
[Tick 114] Nouveau bloc accepté: greedy_2_11 de greedy_2, hauteur 21
[Tick 115] Nouveau bloc accepté: greedy_0_10 de logging_1, hauteur 21
[Tick 118] Nouveau bloc accepté: greedy_1_10 de basic_0, hauteur 21
[Tick 118] Bloc rejeté: logging_0_7 de logging_1
[Tick 119] Nouveau bloc accepté: adaptive_0_7 de adaptive_0, hauteur 22
[Tick 120] Tentative de minage au tick 120
[Tick 120] Nouveau bloc accepté: greedy_3_12 de greedy_1, hauteur 21
[Tick 120] Nouveau bloc accepté: greedy_1_11 de greedy_2, hauteur 22
[Tick 124] Nouveau bloc accepté: greedy_2_12 de greedy_2, hauteur 23
[Tick 124] Nouveau bloc accepté: basic_1_7 de basic_0, hauteur 23
[Tick 125] Nouveau bloc accepté: greedy_0_11 de greedy_0, hauteur 23
[Tick 125] Nouveau bloc accepté: adaptive_1_7 de greedy_0, hauteur 23
[Tick 126] Choix du parent: greedy_2_12 (hauteur 23)
[Tick 127] Nouveau bloc accepté: basic_0_7 de logging_1, hauteur 23
[Tick 129] Nouveau bloc accepté: greedy_3_13 de logging_1, hauteur 24
[Tick 130] Tentative de minage au tick 130
[Tick 130] Nouveau bloc accepté: greedy_1_12 de greedy_0, hauteur 24
[Tick 131] Nouveau bloc accepté: adaptive_0_8 de adaptive_0, hauteur 24
[Tick 131] Nouveau bloc accepté: adaptive_1_8 de greedy_1, hauteur 24
[Tick 132] Nouveau bloc accepté: logging_1_6 de adaptive_0, hauteur 22
[Tick 132] Bloc rejeté: logging_0_8 de adaptive_1
[Tick 137] Nouveau bloc accepté: greedy_1_13 de logging_1, hauteur 25
[Tick 138] Choix du parent: greedy_1_13 (hauteur 25)
[Tick 138] Nouveau bloc accepté: greedy_2_13 de greedy_3, hauteur 24
[Tick 138] Nouveau bloc accepté: greedy_3_14 de greedy_1, hauteur 25
[Tick 139] Nouveau bloc accepté: greedy_0_12 de greedy_0, hauteur 25
[Tick 140] Tentative de minage au tick 140
[Tick 140] Nouveau bloc accepté: basic_1_8 de basic_1, hauteur 25
[Tick 142] Nouveau bloc accepté: basic_0_8 de greedy_1, hauteur 26
[Tick 143] Nouveau bloc accepté: greedy_2_14 de greedy_0, hauteur 26
[Tick 143] Nouveau bloc accepté: greedy_2_15 de greedy_0, hauteur 27
[Tick 144] Bloc rejeté: logging_0_9 de basic_0
[Tick 144] Nouveau bloc accepté: adaptive_1_9 de adaptive_0, hauteur 26
[Tick 146] Nouveau bloc accepté: adaptive_0_9 de adaptive_0, hauteur 26
[Tick 146] Nouveau bloc accepté: logging_1_7 de greedy_3, hauteur 26
[Tick 147] Nouveau bloc accepté: greedy_3_15 de basic_0, hauteur 27
[Tick 148] Nouveau bloc accepté: greedy_1_14 de basic_0, hauteur 28
[Tick 149] Choix du parent: greedy_1_14 (hauteur 28)
[Tick 150] Tentative de minage au tick 150
[Tick 150] Nouveau bloc accepté: greedy_0_13 de basic_0, hauteur 28
[Tick 156] Nouveau bloc accepté: basic_0_9 de basic_0, hauteur 29
[Tick 156] Nouveau bloc accepté: greedy_2_16 de greedy_2, hauteur 29
[Tick 157] Choix du parent: logging_0_10 (hauteur 29)
[Tick 157] Nouveau bloc accepté: basic_1_9 de greedy_0, hauteur 29
[Tick 159] Nouveau bloc accepté: greedy_1_15 de greedy_0, hauteur 29
[Tick 160] Tentative de minage au tick 160
[Tick 160] Nouveau bloc accepté: logging_1_8 de adaptive_0, hauteur 29
[Tick 160] Nouveau bloc accepté: greedy_0_14 de greedy_1, hauteur 30
[Tick 161] Nouveau bloc accepté: greedy_3_16 de greedy_2, hauteur 28
[Tick 163] Nouveau bloc accepté: adaptive_1_10 de greedy_1, hauteur 31
[Tick 164] Bloc rejeté: logging_0_10 de basic_0
[Tick 164] Bloc rejeté: logging_0_11 de basic_1
[Tick 166] Nouveau bloc accepté: adaptive_0_10 de greedy_0, hauteur 30
[Tick 168] Nouveau bloc accepté: greedy_0_15 de greedy_0, hauteur 31
[Tick 170] Tentative de minage au tick 170
[Tick 171] Nouveau bloc accepté: greedy_3_17 de greedy_1, hauteur 31
[Tick 171] Nouveau bloc accepté: greedy_3_18 de greedy_3, hauteur 32
[Tick 171] Nouveau bloc accepté: basic_1_10 de adaptive_1, hauteur 31
[Tick 172] Choix du parent: greedy_3_18 (hauteur 32)
[Tick 176] Nouveau bloc accepté: greedy_2_17 de greedy_3, hauteur 32
[Tick 177] Nouveau bloc accepté: logging_1_9 de greedy_1, hauteur 32
[Tick 178] Bloc rejeté: logging_0_12 de logging_1
[Tick 180] Tentative de minage au tick 180
[Tick 181] Nouveau bloc accepté: greedy_1_16 de greedy_2, hauteur 33
[Tick 181] Bloc rejeté: greedy_0_17 de greedy_0
[Tick 182] Nouveau bloc accepté: greedy_0_16 de adaptive_0, hauteur 32
[Tick 183] Nouveau bloc accepté: basic_0_10 de adaptive_1, hauteur 32
[Tick 183] Nouveau bloc accepté: greedy_3_19 de basic_0, hauteur 34
[Tick 183] Nouveau bloc accepté: greedy_1_17 de greedy_2, hauteur 34
[Tick 187] Nouveau bloc accepté: adaptive_1_11 de adaptive_1, hauteur 34
[Tick 187] Nouveau bloc accepté: adaptive_0_11 de greedy_3, hauteur 34
[Tick 189] Nouveau bloc accepté: adaptive_0_12 de adaptive_0, hauteur 35
[Tick 190] Tentative de minage au tick 190
[Tick 190] Nouveau bloc accepté: greedy_2_18 de adaptive_0, hauteur 34
[Tick 191] Choix du parent: greedy_0_17 (hauteur 35)
[Tick 191] Nouveau bloc accepté: basic_1_11 de greedy_0, hauteur 35
[Tick 191] Bloc rejeté: greedy_0_18 de greedy_0
[Tick 193] Bloc rejeté: logging_1_10 de greedy_3
[Tick 194] Nouveau bloc accepté: adaptive_1_12 de greedy_0, hauteur 36
[Tick 195] Nouveau bloc accepté: basic_0_11 de greedy_0, hauteur 36
[Tick 197] Nouveau bloc accepté: greedy_3_20 de greedy_0, hauteur 37
[Tick 199] Bloc rejeté: logging_0_13 de logging_1
[Tick 199] Nouveau bloc accepté: basic_0_12 de basic_0, hauteur 38
[Tick 200] Tentative de minage au tick 200
[Tick 200] Nouveau bloc accepté: greedy_2_19 de greedy_2, hauteur 35
[Tick 202] Nouveau bloc accepté: greedy_3_21 de greedy_3, hauteur 39
[Tick 204] Nouveau bloc accepté: greedy_1_18 de adaptive_0, hauteur 38
[Tick 205] Nouveau bloc accepté: greedy_0_19 de greedy_0, hauteur 38
[Tick 205] Bloc rejeté: greedy_2_21 de greedy_2
[Tick 206] Bloc rejeté: greedy_2_20 de basic_1
[Tick 206] Nouveau bloc accepté: adaptive_1_13 de basic_1, hauteur 38
[Tick 207] Nouveau bloc accepté: basic_0_13 de adaptive_0, hauteur 40
[Tick 208] Nouveau bloc accepté: basic_1_12 de basic_1, hauteur 38
[Tick 208] Nouveau bloc accepté: logging_1_11 de greedy_1, hauteur 40
[Tick 208] Nouveau bloc accepté: greedy_1_19 de greedy_2, hauteur 40
[Tick 210] Tentative de minage au tick 210
[Tick 211] Choix du parent: basic_0_13 (hauteur 40)
[Tick 213] Bloc rejeté: greedy_3_22 de greedy_0
[Tick 213] Nouveau bloc accepté: greedy_1_20 de greedy_1, hauteur 42
[Tick 215] Nouveau bloc accepté: greedy_0_20 de greedy_2, hauteur 40
[Tick 218] Nouveau bloc accepté: greedy_2_22 de greedy_2, hauteur 42
[Tick 219] Nouveau bloc accepté: greedy_3_23 de greedy_3, hauteur 42
[Tick 219] Nouveau bloc accepté: adaptive_0_13 de adaptive_1, hauteur 41
[Tick 220] Tentative de minage au tick 220
[Tick 221] Nouveau bloc accepté: basic_1_13 de logging_1, hauteur 40
[Tick 221] Bloc rejeté: logging_1_12 de logging_1
[Tick 224] Nouveau bloc accepté: adaptive_0_14 de adaptive_0, hauteur 42
[Tick 224] Nouveau bloc accepté: basic_0_14 de greedy_2, hauteur 41
[Tick 228] Nouveau bloc accepté: greedy_0_21 de adaptive_0, hauteur 42
[Tick 228] Nouveau bloc accepté: greedy_1_21 de adaptive_1, hauteur 43
[Tick 229] Nouveau bloc accepté: basic_1_14 de basic_1, hauteur 43
[Tick 229] Nouveau bloc accepté: adaptive_1_14 de adaptive_0, hauteur 42
[Tick 230] Tentative de minage au tick 230
[Tick 230] Nouveau bloc accepté: greedy_2_23 de adaptive_1, hauteur 43
[Tick 231] Choix du parent: logging_1_12 (hauteur 43)
[Tick 231] Bloc rejeté: logging_0_14 de logging_1
[Tick 232] Nouveau bloc accepté: greedy_3_24 de adaptive_0, hauteur 43
[Tick 234] Nouveau bloc accepté: basic_0_15 de basic_0, hauteur 44
[Tick 235] Nouveau bloc accepté: greedy_1_22 de greedy_1, hauteur 44
[Tick 240] Tentative de minage au tick 240
[Tick 241] Nouveau bloc accepté: adaptive_0_15 de greedy_1, hauteur 44
[Tick 242] Bloc rejeté: logging_0_15 de adaptive_1
[Tick 242] Nouveau bloc accepté: adaptive_1_15 de adaptive_1, hauteur 45
[Tick 242] Nouveau bloc accepté: greedy_0_22 de greedy_1, hauteur 44
[Tick 243] Nouveau bloc accepté: greedy_3_25 de logging_1, hauteur 45
[Tick 243] Nouveau bloc accepté: basic_1_15 de basic_0, hauteur 45
[Tick 245] Choix du parent: adaptive_1_15 (hauteur 45)
[Tick 250] Tentative de minage au tick 250
[Tick 250] Bloc rejeté: greedy_2_25 de greedy_2
[Tick 251] Nouveau bloc accepté: greedy_2_24 de adaptive_1, hauteur 44
[Tick 251] Bloc rejeté: logging_1_14 de adaptive_0
[Tick 253] Bloc rejeté: greedy_1_23 de greedy_3
[Tick 255] Nouveau bloc accepté: logging_1_13 de logging_1, hauteur 45
[Tick 255] Bloc rejeté: logging_0_16 de greedy_3
[Tick 257] Nouveau bloc accepté: greedy_0_23 de adaptive_1, hauteur 46
[Tick 257] Bloc rejeté: adaptive_1_16 de adaptive_1
[Tick 257] Nouveau bloc accepté: basic_1_16 de adaptive_1, hauteur 47
[Tick 258] Nouveau bloc accepté: basic_0_16 de basic_0, hauteur 47
[Tick 258] Bloc rejeté: greedy_3_27 de greedy_3
[Tick 259] Nouveau bloc accepté: greedy_3_26 de greedy_3, hauteur 47
[Tick 259] Nouveau bloc accepté: adaptive_0_16 de adaptive_0, hauteur 47
[Tick 259] Nouveau bloc accepté: greedy_1_24 de greedy_1, hauteur 47
[Tick 260] Tentative de minage au tick 260
[Tick 260] Nouveau bloc accepté: greedy_2_26 de greedy_3, hauteur 47
[Tick 260] Nouveau bloc accepté: greedy_0_24 de logging_1, hauteur 48
[Tick 263] Choix du parent: greedy_3_27 (hauteur 48)
[Tick 263] Nouveau bloc accepté: greedy_0_25 de greedy_0, hauteur 49
[Tick 263] Nouveau bloc accepté: logging_1_15 de logging_1, hauteur 49
[Tick 266] Nouveau bloc accepté: greedy_2_27 de logging_1, hauteur 48
[Tick 266] Nouveau bloc accepté: greedy_1_25 de basic_1, hauteur 49
[Tick 267] Nouveau bloc accepté: adaptive_0_17 de adaptive_1, hauteur 49
[Tick 268] Bloc rejeté: logging_0_17 de greedy_2
[Tick 269] Nouveau bloc accepté: greedy_2_28 de greedy_2, hauteur 50
[Tick 270] Tentative de minage au tick 270
[Tick 270] Nouveau bloc accepté: basic_0_17 de greedy_1, hauteur 50
[Tick 271] Nouveau bloc accepté: adaptive_1_17 de adaptive_1, hauteur 49
[Tick 274] Nouveau bloc accepté: greedy_3_28 de adaptive_1, hauteur 50
[Tick 277] Nouveau bloc accepté: greedy_0_26 de greedy_0, hauteur 50
[Tick 278] Nouveau bloc accepté: basic_1_17 de logging_1, hauteur 50
[Tick 280] Tentative de minage au tick 280
[Tick 280] Choix du parent: greedy_2_28 (hauteur 50)
[Tick 280] Nouveau bloc accepté: greedy_1_26 de adaptive_0, hauteur 51
[Tick 280] Nouveau bloc accepté: greedy_3_29 de basic_0, hauteur 51
[Tick 283] Nouveau bloc accepté: greedy_0_27 de logging_1, hauteur 51
[Tick 284] Nouveau bloc accepté: greedy_2_29 de greedy_3, hauteur 51
[Tick 284] Nouveau bloc accepté: greedy_1_27 de greedy_3, hauteur 52
[Tick 286] Nouveau bloc accepté: greedy_2_30 de greedy_2, hauteur 52
[Tick 287] Bloc rejeté: logging_0_18 de adaptive_1
[Tick 287] Bloc rejeté: logging_1_16 de logging_1
[Tick 288] Nouveau bloc accepté: adaptive_0_18 de basic_0, hauteur 52
[Tick 290] Tentative de minage au tick 290
[Tick 291] Nouveau bloc accepté: adaptive_1_18 de adaptive_0, hauteur 52
[Tick 291] Nouveau bloc accepté: greedy_0_28 de logging_1, hauteur 53
[Tick 291] Nouveau bloc accepté: greedy_3_30 de adaptive_0, hauteur 54
[Tick 293] Nouveau bloc accepté: basic_0_18 de greedy_0, hauteur 52
[Tick 296] Nouveau bloc accepté: greedy_2_31 de greedy_3, hauteur 53
[Tick 297] Nouveau bloc accepté: adaptive_0_19 de adaptive_0, hauteur 55
[Tick 299] Nouveau bloc accepté: greedy_2_32 de greedy_3, hauteur 54
[Tick 299] Nouveau bloc accepté: basic_1_18 de adaptive_1, hauteur 54
[Tick 300] Tentative de minage au tick 300
[Tick 302] Choix du parent: adaptive_0_19 (hauteur 55)
[Tick 302] Nouveau bloc accepté: greedy_1_28 de logging_1, hauteur 54
[Tick 306] Nouveau bloc accepté: greedy_2_33 de basic_1, hauteur 55
[Tick 306] Nouveau bloc accepté: basic_0_19 de greedy_2, hauteur 56
[Tick 308] Nouveau bloc accepté: greedy_3_31 de greedy_3, hauteur 56
[Tick 309] Nouveau bloc accepté: logging_1_17 de greedy_2, hauteur 56
[Tick 309] Nouveau bloc accepté: adaptive_1_19 de basic_1, hauteur 55
[Tick 309] Bloc rejeté: logging_0_19 de greedy_0
[Tick 310] Tentative de minage au tick 310
[Tick 311] Bloc rejeté: basic_1_19 de logging_1
[Tick 312] Bloc rejeté: adaptive_0_20 de adaptive_0
[Tick 315] Choix du parent: logging_0_19 (hauteur 56)
[Tick 315] Nouveau bloc accepté: greedy_0_29 de logging_1, hauteur 56
[Tick 317] Bloc rejeté: greedy_1_30 de greedy_1
[Tick 318] Bloc rejeté: greedy_0_30 de greedy_0
[Tick 318] Bloc rejeté: logging_0_20 de greedy_0
[Tick 319] Nouveau bloc accepté: greedy_2_34 de greedy_3, hauteur 58
[Tick 320] Tentative de minage au tick 320
[Tick 320] Nouveau bloc accepté: greedy_1_29 de greedy_0, hauteur 58
[Tick 320] Nouveau bloc accepté: greedy_2_35 de adaptive_0, hauteur 59
[Tick 321] Nouveau bloc accepté: greedy_3_32 de greedy_3, hauteur 57
[Tick 322] Nouveau bloc accepté: adaptive_1_20 de logging_1, hauteur 58
[Tick 323] Nouveau bloc accepté: basic_1_20 de adaptive_0, hauteur 59
[Tick 326] Choix du parent: greedy_0_30 (hauteur 59)
[Tick 326] Nouveau bloc accepté: basic_0_20 de basic_0, hauteur 60
[Tick 326] Nouveau bloc accepté: adaptive_1_21 de adaptive_1, hauteur 60
[Tick 327] Nouveau bloc accepté: greedy_3_33 de greedy_3, hauteur 60
[Tick 328] Nouveau bloc accepté: logging_1_18 de greedy_1, hauteur 58
[Tick 328] Nouveau bloc accepté: greedy_0_31 de basic_0, hauteur 60
[Tick 330] Tentative de minage au tick 330
[Tick 330] Bloc rejeté: logging_1_19 de logging_1
[Tick 331] Bloc rejeté: logging_0_21 de adaptive_1
[Tick 332] Nouveau bloc accepté: basic_1_21 de logging_1, hauteur 61
[Tick 335] Choix du parent: logging_1_19 (hauteur 62)
[Tick 335] Nouveau bloc accepté: greedy_2_36 de greedy_0, hauteur 60
[Tick 335] Nouveau bloc accepté: greedy_1_31 de basic_0, hauteur 61
[Tick 335] Nouveau bloc accepté: adaptive_0_21 de greedy_0, hauteur 61
[Tick 338] Nouveau bloc accepté: greedy_3_34 de greedy_0, hauteur 61
[Tick 340] Tentative de minage au tick 340
[Tick 341] Bloc rejeté: greedy_2_38 de greedy_2
[Tick 341] Bloc rejeté: logging_0_22 de greedy_2
[Tick 342] Nouveau bloc accepté: greedy_0_32 de adaptive_1, hauteur 62
[Tick 343] Nouveau bloc accepté: basic_0_21 de greedy_2, hauteur 62
[Tick 344] Choix du parent: logging_0_22 (hauteur 63)
[Tick 344] Nouveau bloc accepté: greedy_2_37 de greedy_2, hauteur 62
[Tick 344] Nouveau bloc accepté: basic_1_22 de logging_1, hauteur 62
[Tick 347] Nouveau bloc accepté: adaptive_1_22 de adaptive_1, hauteur 64
[Tick 347] Bloc rejeté: logging_0_23 de greedy_0
[Tick 348] Nouveau bloc accepté: greedy_0_33 de greedy_0, hauteur 63
[Tick 348] Nouveau bloc accepté: basic_0_22 de logging_1, hauteur 64
[Tick 349] Nouveau bloc accepté: adaptive_0_22 de adaptive_0, hauteur 63
[Tick 350] Tentative de minage au tick 350
[Tick 351] Nouveau bloc accepté: greedy_1_32 de basic_1, hauteur 64
[Tick 351] Nouveau bloc accepté: greedy_3_35 de greedy_1, hauteur 64
[Tick 354] Nouveau bloc accepté: logging_1_20 de logging_1, hauteur 65
[Tick 355] Choix du parent: logging_1_20 (hauteur 65)
[Tick 356] Nouveau bloc accepté: greedy_1_33 de greedy_1, hauteur 65
[Tick 357] Nouveau bloc accepté: greedy_2_39 de greedy_1, hauteur 65
[Tick 358] Nouveau bloc accepté: greedy_2_40 de greedy_2, hauteur 67
[Tick 359] Nouveau bloc accepté: greedy_0_34 de basic_1, hauteur 65
[Tick 360] Tentative de minage au tick 360
[Tick 361] Nouveau bloc accepté: basic_1_23 de basic_1, hauteur 65
[Tick 361] Nouveau bloc accepté: adaptive_1_23 de greedy_0, hauteur 66
[Tick 364] Nouveau bloc accepté: greedy_3_36 de basic_0, hauteur 66
[Tick 365] Bloc rejeté: logging_0_24 de greedy_2
[Tick 368] Nouveau bloc accepté: adaptive_0_23 de adaptive_0, hauteur 66
[Tick 368] Nouveau bloc accepté: greedy_2_41 de greedy_2, hauteur 68
[Tick 369] Nouveau bloc accepté: greedy_3_37 de greedy_3, hauteur 67
[Tick 370] Tentative de minage au tick 370
[Tick 370] Nouveau bloc accepté: greedy_1_34 de greedy_1, hauteur 67
[Tick 371] Choix du parent: greedy_2_41 (hauteur 68)
[Tick 372] Nouveau bloc accepté: basic_0_23 de greedy_1, hauteur 67
[Tick 372] Nouveau bloc accepté: basic_1_24 de logging_1, hauteur 68
[Tick 373] Bloc rejeté: greedy_0_35 de greedy_0
[Tick 375] Nouveau bloc accepté: adaptive_1_24 de greedy_2, hauteur 68
[Tick 377] Nouveau bloc accepté: logging_1_21 de greedy_0, hauteur 68
[Tick 377] Nouveau bloc accepté: adaptive_0_24 de adaptive_0, hauteur 68
[Tick 379] Nouveau bloc accepté: greedy_3_38 de greedy_0, hauteur 69
[Tick 380] Tentative de minage au tick 380
[Tick 383] Nouveau bloc accepté: greedy_1_35 de adaptive_0, hauteur 69
[Tick 384] Bloc rejeté: logging_0_25 de greedy_2
[Tick 385] Nouveau bloc accepté: basic_0_24 de basic_0, hauteur 70
[Tick 385] Nouveau bloc accepté: greedy_3_39 de logging_1, hauteur 70
[Tick 387] Nouveau bloc accepté: greedy_0_36 de adaptive_0, hauteur 70
[Tick 387] Nouveau bloc accepté: greedy_2_42 de greedy_0, hauteur 70
[Tick 388] Nouveau bloc accepté: greedy_0_37 de greedy_2, hauteur 71
[Tick 389] Nouveau bloc accepté: greedy_1_36 de greedy_0, hauteur 71
[Tick 389] Nouveau bloc accepté: adaptive_0_25 de adaptive_0, hauteur 72
[Tick 390] Tentative de minage au tick 390
[Tick 390] Nouveau bloc accepté: greedy_3_40 de greedy_3, hauteur 71
[Tick 391] Choix du parent: adaptive_0_25 (hauteur 72)
[Tick 391] Nouveau bloc accepté: logging_1_22 de greedy_0, hauteur 71
[Tick 392] Nouveau bloc accepté: greedy_2_43 de greedy_1, hauteur 72
[Tick 393] Nouveau bloc accepté: adaptive_1_25 de greedy_2, hauteur 71
[Tick 394] Nouveau bloc accepté: basic_1_25 de basic_1, hauteur 72
[Tick 395] Nouveau bloc accepté: logging_1_23 de logging_1, hauteur 73
[Tick 399] Bloc rejeté: logging_0_26 de basic_1
[Tick 400] Tentative de minage au tick 400
[Tick 400] Nouveau bloc accepté: greedy_1_37 de greedy_1, hauteur 73
[Tick 402] Nouveau bloc accepté: greedy_2_44 de greedy_2, hauteur 74
[Tick 403] Nouveau bloc accepté: adaptive_0_26 de adaptive_0, hauteur 73
[Tick 403] Nouveau bloc accepté: greedy_2_45 de greedy_2, hauteur 75
[Tick 405] Nouveau bloc accepté: greedy_0_38 de greedy_3, hauteur 74
[Tick 405] Nouveau bloc accepté: greedy_1_38 de greedy_1, hauteur 75
[Tick 405] Nouveau bloc accepté: adaptive_1_26 de logging_1, hauteur 74
[Tick 406] Nouveau bloc accepté: basic_0_25 de logging_1, hauteur 73
[Tick 407] Choix du parent: greedy_2_45 (hauteur 75)
[Tick 407] Nouveau bloc accepté: greedy_3_41 de greedy_3, hauteur 75
[Tick 410] Tentative de minage au tick 410
[Tick 411] Bloc rejeté: adaptive_0_27 de adaptive_0
[Tick 412] Nouveau bloc accepté: basic_0_26 de greedy_0, hauteur 74
[Tick 413] Nouveau bloc accepté: logging_1_24 de logging_1, hauteur 76
[Tick 414] Nouveau bloc accepté: greedy_0_39 de basic_1, hauteur 76
[Tick 415] Nouveau bloc accepté: adaptive_1_27 de adaptive_1, hauteur 76
[Tick 415] Nouveau bloc accepté: basic_1_26 de basic_1, hauteur 76
[Tick 415] Nouveau bloc accepté: greedy_0_40 de greedy_0, hauteur 78
[Tick 416] Nouveau bloc accepté: greedy_1_39 de greedy_1, hauteur 77
[Tick 417] Bloc rejeté: logging_0_27 de greedy_3
[Tick 418] Nouveau bloc accepté: greedy_2_46 de greedy_2, hauteur 78
[Tick 420] Tentative de minage au tick 420
[Tick 421] Nouveau bloc accepté: greedy_1_40 de greedy_1, hauteur 78
[Tick 422] Choix du parent: greedy_0_40 (hauteur 78)
[Tick 422] Nouveau bloc accepté: basic_0_27 de greedy_2, hauteur 79
[Tick 423] Nouveau bloc accepté: logging_1_25 de greedy_0, hauteur 79
[Tick 427] Nouveau bloc accepté: greedy_3_42 de greedy_3, hauteur 77
[Tick 427] Nouveau bloc accepté: greedy_2_47 de greedy_2, hauteur 80
[Tick 429] Bloc rejeté: logging_0_28 de greedy_1
[Tick 430] Tentative de minage au tick 430
[Tick 430] Nouveau bloc accepté: greedy_0_41 de basic_1, hauteur 80
[Tick 431] Nouveau bloc accepté: greedy_3_43 de greedy_3, hauteur 79
[Tick 435] Choix du parent: greedy_2_47 (hauteur 80)
[Tick 435] Nouveau bloc accepté: basic_1_27 de basic_1, hauteur 81
[Tick 438] Nouveau bloc accepté: greedy_3_44 de greedy_0, hauteur 80
[Tick 440] Tentative de minage au tick 440
[Tick 440] Nouveau bloc accepté: greedy_1_41 de logging_1, hauteur 81
[Tick 443] Nouveau bloc accepté: greedy_3_45 de greedy_3, hauteur 82
[Tick 444] Nouveau bloc accepté: adaptive_1_28 de adaptive_1, hauteur 81
[Tick 444] Bloc rejeté: logging_0_29 de basic_1
[Tick 446] Nouveau bloc accepté: adaptive_0_28 de greedy_2, hauteur 81
[Tick 448] Nouveau bloc accepté: greedy_0_42 de greedy_0, hauteur 82
[Tick 448] Nouveau bloc accepté: greedy_2_48 de basic_1, hauteur 81
[Tick 448] Bloc rejeté: adaptive_0_29 de adaptive_0
[Tick 449] Nouveau bloc accepté: greedy_3_46 de greedy_1, hauteur 83
[Tick 450] Tentative de minage au tick 450
[Tick 450] Choix du parent: adaptive_0_29 (hauteur 84)
[Tick 451] Nouveau bloc accepté: logging_1_26 de adaptive_0, hauteur 82
[Tick 452] Nouveau bloc accepté: basic_0_28 de adaptive_0, hauteur 83
[Tick 453] Bloc rejeté: adaptive_1_29 de adaptive_1
[Tick 454] Nouveau bloc accepté: greedy_2_49 de basic_1, hauteur 82
[Tick 454] Bloc rejeté: logging_0_30 de adaptive_0
[Tick 455] Nouveau bloc accepté: greedy_0_43 de logging_1, hauteur 83
[Tick 456] Nouveau bloc accepté: basic_1_28 de basic_1, hauteur 85
[Tick 457] Nouveau bloc accepté: greedy_1_42 de greedy_1, hauteur 84
[Tick 458] Nouveau bloc accepté: basic_0_29 de basic_0, hauteur 85
[Tick 459] Nouveau bloc accepté: greedy_2_50 de greedy_2, hauteur 83
[Tick 459] Nouveau bloc accepté: greedy_0_44 de greedy_0, hauteur 85
[Tick 460] Tentative de minage au tick 460
[Tick 460] Nouveau bloc accepté: logging_1_27 de greedy_1, hauteur 86
[Tick 461] Nouveau bloc accepté: greedy_2_51 de greedy_2, hauteur 85
[Tick 463] Nouveau bloc accepté: greedy_1_43 de basic_1, hauteur 86
[Tick 464] Nouveau bloc accepté: adaptive_0_30 de greedy_1, hauteur 86
[Tick 465] Nouveau bloc accepté: greedy_3_47 de greedy_3, hauteur 85
[Tick 465] Nouveau bloc accepté: logging_1_28 de logging_1, hauteur 87
[Tick 469] Nouveau bloc accepté: adaptive_1_30 de adaptive_1, hauteur 85
[Tick 470] Tentative de minage au tick 470
[Tick 471] Choix du parent: logging_1_28 (hauteur 87)
[Tick 471] Nouveau bloc accepté: greedy_0_45 de greedy_0, hauteur 87
[Tick 473] Nouveau bloc accepté: basic_1_29 de basic_0, hauteur 87
[Tick 475] Bloc rejeté: basic_0_31 de basic_0
[Tick 476] Nouveau bloc accepté: basic_0_30 de logging_1, hauteur 87
[Tick 476] Bloc rejeté: logging_0_31 de greedy_2
[Tick 477] Nouveau bloc accepté: adaptive_0_31 de basic_0, hauteur 88
[Tick 477] Bloc rejeté: greedy_2_54 de adaptive_1
[Tick 478] Nouveau bloc accepté: greedy_2_52 de greedy_2, hauteur 87
[Tick 478] Nouveau bloc accepté: greedy_2_53 de adaptive_0, hauteur 88
[Tick 478] Nouveau bloc accepté: greedy_3_48 de greedy_0, hauteur 87
[Tick 480] Tentative de minage au tick 480
[Tick 481] Nouveau bloc accepté: greedy_1_44 de greedy_0, hauteur 88
[Tick 485] Nouveau bloc accepté: greedy_2_55 de greedy_2, hauteur 90
[Tick 486] Nouveau bloc accepté: adaptive_1_31 de greedy_3, hauteur 90
[Tick 487] Nouveau bloc accepté: basic_0_32 de basic_0, hauteur 91
[Tick 487] Nouveau bloc accepté: logging_1_29 de basic_0, hauteur 90
[Tick 488] Nouveau bloc accepté: greedy_3_49 de greedy_3, hauteur 90
[Tick 490] Tentative de minage au tick 490
[Tick 490] Nouveau bloc accepté: basic_1_30 de adaptive_1, hauteur 91
[Tick 491] Nouveau bloc accepté: greedy_1_45 de greedy_1, hauteur 91
[Tick 494] Choix du parent: basic_0_32 (hauteur 91)
[Tick 494] Nouveau bloc accepté: greedy_0_46 de basic_1, hauteur 90
[Tick 495] Nouveau bloc accepté: greedy_3_50 de greedy_3, hauteur 91
[Tick 495] Nouveau bloc accepté: basic_0_33 de basic_0, hauteur 92
[Tick 496] Nouveau bloc accepté: adaptive_1_32 de greedy_0, hauteur 91
[Tick 497] Bloc rejeté: logging_0_32 de greedy_2
[Tick 499] Nouveau bloc accepté: greedy_2_56 de greedy_1, hauteur 92
[Tick 499] Nouveau bloc accepté: greedy_0_47 de adaptive_1, hauteur 93
[Tick 500] Tentative de minage au tick 500
[Tick 500] Nouveau bloc accepté: greedy_3_51 de basic_1, hauteur 92
[Tick 500] Nouveau bloc accepté: adaptive_1_33 de adaptive_1, hauteur 94
[Tick 500] Nouveau bloc accepté: adaptive_0_32 de greedy_0, hauteur 92
[Tick 504] Nouveau bloc accepté: logging_1_30 de basic_0, hauteur 92
[Tick 505] Nouveau bloc accepté: basic_1_31 de adaptive_1, hauteur 93
[Tick 505] Nouveau bloc accepté: greedy_3_52 de adaptive_0, hauteur 94
[Tick 507] Nouveau bloc accepté: greedy_0_48 de greedy_0, hauteur 94
[Tick 509] Nouveau bloc accepté: adaptive_0_33 de greedy_2, hauteur 95
[Tick 510] Tentative de minage au tick 510
[Tick 510] Nouveau bloc accepté: greedy_2_57 de greedy_2, hauteur 95
[Tick 511] Nouveau bloc accepté: greedy_1_46 de greedy_1, hauteur 93
[Tick 511] Nouveau bloc accepté: logging_1_31 de logging_1, hauteur 96
[Tick 512] Nouveau bloc accepté: basic_0_34 de adaptive_0, hauteur 95
[Tick 513] Choix du parent: logging_1_31 (hauteur 96)
[Tick 513] Nouveau bloc accepté: basic_1_32 de basic_1, hauteur 96
[Tick 520] Tentative de minage au tick 520
[Tick 521] Nouveau bloc accepté: adaptive_1_34 de adaptive_1, hauteur 98
[Tick 523] Nouveau bloc accepté: greedy_2_58 de greedy_0, hauteur 96
[Tick 523] Nouveau bloc accepté: basic_0_35 de logging_1, hauteur 97
[Tick 524] Nouveau bloc accepté: greedy_3_53 de greedy_3, hauteur 97
[Tick 524] Nouveau bloc accepté: greedy_1_47 de adaptive_1, hauteur 95
[Tick 526] Nouveau bloc accepté: greedy_0_49 de basic_0, hauteur 97
[Tick 527] Choix du parent: adaptive_1_34 (hauteur 98)
[Tick 527] Nouveau bloc accepté: basic_1_33 de basic_1, hauteur 97
[Tick 527] Nouveau bloc accepté: greedy_3_54 de adaptive_1, hauteur 98
[Tick 527] Nouveau bloc accepté: greedy_1_48 de greedy_0, hauteur 97
[Tick 527] Nouveau bloc accepté: basic_0_36 de basic_0, hauteur 99
[Tick 527] Nouveau bloc accepté: adaptive_0_34 de adaptive_1, hauteur 97
[Tick 530] Tentative de minage au tick 530
[Tick 530] Bloc rejeté: greedy_0_51 de greedy_0
[Tick 532] Bloc rejeté: logging_0_33 de adaptive_1
[Tick 533] Nouveau bloc accepté: basic_1_34 de adaptive_1, hauteur 98
[Tick 534] Bloc rejeté: greedy_3_55 de greedy_3
[Tick 535] Nouveau bloc accepté: greedy_0_50 de adaptive_1, hauteur 98
[Tick 536] Choix du parent: logging_0_34 (hauteur 99)
[Tick 536] Nouveau bloc accepté: greedy_2_59 de greedy_1, hauteur 98
[Tick 538] Bloc rejeté: logging_0_34 de logging_1
[Tick 538] Nouveau bloc accepté: greedy_2_60 de greedy_2, hauteur 100
[Tick 540] Tentative de minage au tick 540
[Tick 542] Nouveau bloc accepté: greedy_1_49 de greedy_1, hauteur 99
[Tick 542] Nouveau bloc accepté: greedy_2_61 de greedy_2, hauteur 102
[Tick 543] Nouveau bloc accepté: greedy_1_50 de greedy_1, hauteur 100
[Tick 545] Bloc rejeté: logging_0_35 de greedy_1
[Tick 547] Nouveau bloc accepté: greedy_3_56 de greedy_3, hauteur 102
[Tick 550] Tentative de minage au tick 550
[Tick 554] Choix du parent: greedy_2_61 (hauteur 102)
[Tick 556] Nouveau bloc accepté: greedy_3_57 de greedy_3, hauteur 103
[Tick 560] Tentative de minage au tick 560
[Tick 562] Nouveau bloc accepté: greedy_1_51 de greedy_1, hauteur 103
[Tick 564] Choix du parent: logging_0_36 (hauteur 103)
[Tick 570] Tentative de minage au tick 570
[Tick 573] Nouveau bloc accepté: greedy_2_62 de greedy_3, hauteur 103
[Tick 573] Bloc rejeté: greedy_3_58 de greedy_3
[Tick 574] Nouveau bloc accepté: greedy_1_52 de greedy_3, hauteur 104
[Tick 575] Bloc rejeté: logging_0_37 de greedy_1
[Tick 579] Nouveau bloc accepté: greedy_2_63 de greedy_2, hauteur 104
[Tick 580] Tentative de minage au tick 580
[Tick 580] Nouveau bloc accepté: greedy_1_53 de greedy_3, hauteur 105
[Tick 582] Bloc rejeté: logging_0_36 de greedy_1
[Tick 583] Choix du parent: greedy_3_58 (hauteur 105)
[Tick 584] Nouveau bloc accepté: greedy_3_59 de greedy_3, hauteur 106
[Tick 586] Nouveau bloc accepté: greedy_2_64 de greedy_2, hauteur 107
[Tick 589] Bloc rejeté: logging_0_38 de greedy_1
[Tick 590] Tentative de minage au tick 590
[Tick 592] Nouveau bloc accepté: greedy_3_60 de greedy_3, hauteur 107
[Tick 596] Nouveau bloc accepté: greedy_2_65 de greedy_2, hauteur 108
[Tick 598] Nouveau bloc accepté: greedy_1_54 de greedy_3, hauteur 106
[Tick 600] Tentative de minage au tick 600
[Tick 601] Choix du parent: greedy_2_65 (hauteur 108)
[Tick 601] Nouveau bloc accepté: greedy_1_55 de greedy_3, hauteur 108
[Tick 603] Nouveau bloc accepté: greedy_3_61 de greedy_3, hauteur 109
[Tick 608] Nouveau bloc accepté: greedy_2_66 de greedy_2, hauteur 109
[Tick 609] Bloc rejeté: logging_0_39 de greedy_2
[Tick 610] Tentative de minage au tick 610
[Tick 615] Nouveau bloc accepté: greedy_3_62 de greedy_3, hauteur 110
[Tick 616] Nouveau bloc accepté: greedy_1_56 de greedy_3, hauteur 109
[Tick 617] Nouveau bloc accepté: greedy_2_67 de greedy_2, hauteur 110
[Tick 620] Tentative de minage au tick 620
[Tick 621] Choix du parent: greedy_3_62 (hauteur 110)
[Tick 626] Nouveau bloc accepté: greedy_1_57 de greedy_1, hauteur 110
[Tick 630] Tentative de minage au tick 630
[Tick 630] Nouveau bloc accepté: greedy_1_58 de greedy_2, hauteur 111
[Tick 631] Nouveau bloc accepté: greedy_3_63 de greedy_2, hauteur 111
[Tick 632] Nouveau bloc accepté: greedy_1_59 de greedy_1, hauteur 112
[Tick 632] Bloc rejeté: logging_0_40 de greedy_1
[Tick 633] Nouveau bloc accepté: greedy_2_68 de greedy_2, hauteur 112
[Tick 640] Tentative de minage au tick 640
[Tick 643] Choix du parent: greedy_1_59 (hauteur 112)
[Tick 650] Tentative de minage au tick 650
[Tick 651] Nouveau bloc accepté: greedy_2_69 de greedy_2, hauteur 113
[Tick 653] Nouveau bloc accepté: greedy_3_64 de greedy_3, hauteur 112
[Tick 654] Nouveau bloc accepté: greedy_1_60 de greedy_1, hauteur 113
[Tick 660] Tentative de minage au tick 660
[Tick 660] Bloc rejeté: logging_0_41 de greedy_3
[Tick 661] Bloc rejeté: greedy_2_71 de greedy_2
[Tick 662] Choix du parent: logging_0_41 (hauteur 113)
[Tick 663] Nouveau bloc accepté: greedy_1_61 de greedy_1, hauteur 114
[Tick 664] Nouveau bloc accepté: greedy_2_70 de greedy_3, hauteur 114
[Tick 666] Nouveau bloc accepté: greedy_3_65 de greedy_3, hauteur 113
[Tick 668] Bloc rejeté: greedy_1_63 de greedy_1
[Tick 670] Tentative de minage au tick 670
[Tick 670] Nouveau bloc accepté: greedy_2_72 de greedy_2, hauteur 116
[Tick 673] Bloc rejeté: logging_0_42 de greedy_2
[Tick 674] Nouveau bloc accepté: greedy_3_66 de greedy_3, hauteur 115
[Tick 674] Nouveau bloc accepté: greedy_2_73 de greedy_2, hauteur 117
[Tick 678] Nouveau bloc accepté: greedy_1_62 de greedy_3, hauteur 115
[Tick 678] Nouveau bloc accepté: greedy_1_64 de greedy_1, hauteur 117
[Tick 679] Bloc rejeté: greedy_3_68 de greedy_3
[Tick 680] Tentative de minage au tick 680
[Tick 681] Nouveau bloc accepté: greedy_3_67 de greedy_3, hauteur 116
[Tick 684] Choix du parent: greedy_2_73 (hauteur 117)
[Tick 686] Bloc rejeté: logging_0_43 de greedy_2
[Tick 687] Bloc rejeté: greedy_3_69 de greedy_3
[Tick 689] Nouveau bloc accepté: greedy_2_74 de greedy_2, hauteur 118
[Tick 690] Tentative de minage au tick 690
[Tick 693] Nouveau bloc accepté: greedy_1_65 de greedy_2, hauteur 118
[Tick 694] Choix du parent: greedy_3_69 (hauteur 119)
[Tick 697] Bloc rejeté: logging_0_44 de greedy_3
[Tick 700] Tentative de minage au tick 700
[Tick 701] Nouveau bloc accepté: greedy_2_75 de greedy_2, hauteur 119
[Tick 704] Nouveau bloc accepté: greedy_1_66 de greedy_1, hauteur 120
[Tick 705] Choix du parent: logging_0_44 (hauteur 120)
[Tick 710] Tentative de minage au tick 710
[Tick 711] Nouveau bloc accepté: greedy_2_76 de greedy_2, hauteur 121
[Tick 713] Nouveau bloc accepté: greedy_3_70 de greedy_2, hauteur 121
[Tick 715] Choix du parent: logging_0_45 (hauteur 121)
[Tick 716] Nouveau bloc accepté: greedy_3_71 de greedy_3, hauteur 122
[Tick 720] Tentative de minage au tick 720
[Tick 721] Bloc rejeté: greedy_1_68 de greedy_1
[Tick 722] Bloc rejeté: logging_0_45 de greedy_1
[Tick 728] Nouveau bloc accepté: greedy_1_67 de greedy_3, hauteur 122
[Tick 730] Tentative de minage au tick 730
[Tick 731] Nouveau bloc accepté: greedy_2_77 de greedy_2, hauteur 122
[Tick 731] Bloc rejeté: greedy_3_73 de greedy_3
[Tick 732] Nouveau bloc accepté: greedy_2_78 de greedy_2, hauteur 123
[Tick 733] Choix du parent: greedy_1_68 (hauteur 123)
[Tick 734] Bloc rejeté: logging_0_46 de greedy_2
[Tick 735] Nouveau bloc accepté: greedy_3_72 de greedy_3, hauteur 123
[Tick 737] Nouveau bloc accepté: greedy_1_69 de greedy_1, hauteur 124
[Tick 737] Nouveau bloc accepté: greedy_1_70 de greedy_1, hauteur 125
[Tick 740] Tentative de minage au tick 740
[Tick 744] Bloc rejeté: logging_0_47 de greedy_3
[Tick 745] Nouveau bloc accepté: greedy_2_79 de greedy_2, hauteur 125
[Tick 750] Tentative de minage au tick 750
[Tick 750] Choix du parent: greedy_1_70 (hauteur 125)
[Tick 751] Nouveau bloc accepté: greedy_3_74 de greedy_3, hauteur 125
[Tick 752] Nouveau bloc accepté: greedy_3_75 de greedy_3, hauteur 126
[Tick 755] Nouveau bloc accepté: greedy_1_71 de greedy_1, hauteur 126
[Tick 760] Tentative de minage au tick 760
[Tick 760] Nouveau bloc accepté: greedy_1_72 de greedy_1, hauteur 127
[Tick 765] Bloc rejeté: logging_0_48 de greedy_3
[Tick 770] Tentative de minage au tick 770
[Tick 772] Bloc rejeté: greedy_3_77 de greedy_3
[Tick 773] Choix du parent: greedy_1_72 (hauteur 127)
[Tick 773] Nouveau bloc accepté: greedy_2_80 de greedy_3, hauteur 126
[Tick 776] Nouveau bloc accepté: greedy_3_76 de greedy_3, hauteur 127
[Tick 779] Nouveau bloc accepté: greedy_1_73 de greedy_1, hauteur 128
[Tick 780] Tentative de minage au tick 780
[Tick 781] Nouveau bloc accepté: greedy_2_81 de greedy_2, hauteur 128
[Tick 781] Bloc rejeté: logging_0_49 de greedy_1
[Tick 786] Nouveau bloc accepté: greedy_3_78 de greedy_3, hauteur 129
[Tick 790] Tentative de minage au tick 790
[Tick 790] Nouveau bloc accepté: greedy_1_74 de greedy_2, hauteur 129
[Tick 792] Bloc rejeté: greedy_1_75 de greedy_2
[Tick 794] Choix du parent: greedy_3_78 (hauteur 129)
[Tick 798] Bloc rejeté: logging_0_50 de greedy_3
[Tick 800] Tentative de minage au tick 800
[Tick 800] Nouveau bloc accepté: greedy_2_82 de greedy_1, hauteur 130
[Tick 801] Nouveau bloc accepté: greedy_3_79 de greedy_3, hauteur 130
[Tick 801] Nouveau bloc accepté: greedy_1_76 de greedy_2, hauteur 132
[Tick 804] Nouveau bloc accepté: greedy_2_83 de greedy_1, hauteur 131
[Tick 806] Nouveau bloc accepté: greedy_2_84 de greedy_1, hauteur 132
[Tick 810] Tentative de minage au tick 810
[Tick 810] Choix du parent: greedy_1_76 (hauteur 132)
[Tick 810] Nouveau bloc accepté: greedy_3_80 de greedy_3, hauteur 133
[Tick 818] Nouveau bloc accepté: greedy_3_81 de greedy_3, hauteur 134
[Tick 820] Tentative de minage au tick 820
[Tick 824] Nouveau bloc accepté: greedy_1_77 de greedy_1, hauteur 133
[Tick 828] Choix du parent: greedy_3_81 (hauteur 134)
[Tick 828] Nouveau bloc accepté: greedy_1_78 de greedy_1, hauteur 135
[Tick 829] Bloc rejeté: logging_0_52 de greedy_1
[Tick 830] Tentative de minage au tick 830
[Tick 830] Bloc rejeté: logging_0_51 de greedy_3
[Tick 832] Bloc rejeté: greedy_2_86 de greedy_2
[Tick 833] Nouveau bloc accepté: greedy_3_82 de greedy_1, hauteur 135
[Tick 840] Tentative de minage au tick 840
[Tick 842] Nouveau bloc accepté: greedy_1_79 de greedy_1, hauteur 136
[Tick 844] Choix du parent: greedy_1_79 (hauteur 136)
[Tick 844] Nouveau bloc accepté: greedy_2_85 de greedy_3, hauteur 134
[Tick 848] Nouveau bloc accepté: greedy_2_87 de greedy_2, hauteur 136
[Tick 848] Nouveau bloc accepté: greedy_3_83 de greedy_1, hauteur 136
[Tick 850] Tentative de minage au tick 850
[Tick 851] Nouveau bloc accepté: greedy_1_80 de greedy_1, hauteur 137
[Tick 851] Nouveau bloc accepté: greedy_2_88 de greedy_2, hauteur 138
[Tick 854] Nouveau bloc accepté: greedy_1_81 de greedy_2, hauteur 138
[Tick 855] Choix du parent: greedy_2_88 (hauteur 138)
[Tick 855] Bloc rejeté: logging_0_53 de greedy_3
[Tick 855] Nouveau bloc accepté: greedy_1_82 de greedy_2, hauteur 139
[Tick 860] Tentative de minage au tick 860
[Tick 860] Nouveau bloc accepté: greedy_3_84 de greedy_3, hauteur 137
[Tick 864] Choix du parent: logging_0_54 (hauteur 139)
[Tick 869] Bloc rejeté: greedy_1_84 de greedy_1
[Tick 870] Tentative de minage au tick 870
[Tick 870] Nouveau bloc accepté: greedy_3_85 de greedy_2, hauteur 139
[Tick 870] Nouveau bloc accepté: greedy_2_89 de greedy_3, hauteur 140
[Tick 871] Bloc rejeté: logging_0_54 de greedy_3
[Tick 877] Nouveau bloc accepté: greedy_1_83 de greedy_1, hauteur 140
[Tick 878] Bloc rejeté: logging_0_55 de greedy_3
[Tick 879] Nouveau bloc accepté: greedy_3_86 de greedy_3, hauteur 141
[Tick 880] Tentative de minage au tick 880
[Tick 881] Choix du parent: greedy_1_84 (hauteur 141)
[Tick 881] Nouveau bloc accepté: greedy_2_90 de greedy_2, hauteur 141
[Tick 881] Nouveau bloc accepté: greedy_1_85 de greedy_1, hauteur 142
[Tick 882] Nouveau bloc accepté: greedy_3_87 de greedy_3, hauteur 142
[Tick 885] Nouveau bloc accepté: greedy_3_88 de greedy_3, hauteur 143
[Tick 890] Tentative de minage au tick 890
[Tick 890] Nouveau bloc accepté: greedy_2_91 de greedy_2, hauteur 142
[Tick 894] Nouveau bloc accepté: greedy_1_86 de greedy_1, hauteur 144
[Tick 897] Bloc rejeté: logging_0_56 de greedy_2
[Tick 898] Nouveau bloc accepté: greedy_2_92 de greedy_3, hauteur 144
[Tick 900] Tentative de minage au tick 900
[Tick 900] Choix du parent: greedy_1_86 (hauteur 144)
[Tick 902] Bloc rejeté: greedy_2_94 de greedy_2
[Tick 906] Nouveau bloc accepté: greedy_2_93 de greedy_2, hauteur 145
[Tick 909] Nouveau bloc accepté: greedy_3_89 de greedy_3, hauteur 146
[Tick 910] Tentative de minage au tick 910
[Tick 912] Nouveau bloc accepté: greedy_1_87 de greedy_1, hauteur 145
[Tick 915] Choix du parent: greedy_2_94 (hauteur 146)
[Tick 915] Nouveau bloc accepté: greedy_3_90 de greedy_3, hauteur 147
[Tick 917] Bloc rejeté: logging_0_58 de greedy_3
[Tick 920] Tentative de minage au tick 920
[Tick 920] Bloc rejeté: logging_0_57 de greedy_3
[Tick 923] Nouveau bloc accepté: greedy_1_88 de greedy_1, hauteur 147
[Tick 927] Nouveau bloc accepté: greedy_2_95 de greedy_2, hauteur 147
[Tick 929] Choix du parent: logging_0_58 (hauteur 147)
[Tick 930] Tentative de minage au tick 930
[Tick 935] Nouveau bloc accepté: greedy_2_96 de greedy_2, hauteur 148
[Tick 936] Bloc rejeté: greedy_3_92 de greedy_3
[Tick 937] Choix du parent: logging_0_59 (hauteur 148)
[Tick 937] Nouveau bloc accepté: greedy_2_97 de greedy_2, hauteur 149
[Tick 938] Nouveau bloc accepté: greedy_3_91 de greedy_3, hauteur 148
[Tick 940] Tentative de minage au tick 940
[Tick 941] Nouveau bloc accepté: greedy_1_89 de greedy_1, hauteur 148
[Tick 944] Nouveau bloc accepté: greedy_1_90 de greedy_1, hauteur 149
[Tick 944] Nouveau bloc accepté: greedy_3_93 de greedy_3, hauteur 150
[Tick 945] Nouveau bloc accepté: greedy_2_98 de greedy_2, hauteur 150
[Tick 949] Bloc rejeté: logging_0_59 de greedy_3
[Tick 950] Tentative de minage au tick 950
[Tick 950] Bloc rejeté: logging_0_60 de greedy_3
[Tick 953] Choix du parent: greedy_3_93 (hauteur 150)
[Tick 958] Nouveau bloc accepté: greedy_1_91 de greedy_2, hauteur 151
[Tick 960] Tentative de minage au tick 960
[Tick 961] Nouveau bloc accepté: greedy_2_99 de greedy_1, hauteur 152
[Tick 962] Bloc rejeté: logging_0_61 de greedy_1
[Tick 964] Nouveau bloc accepté: greedy_3_94 de greedy_3, hauteur 151
[Tick 965] Choix du parent: greedy_2_99 (hauteur 152)
[Tick 968] Nouveau bloc accepté: greedy_1_92 de greedy_2, hauteur 153
[Tick 970] Tentative de minage au tick 970
[Tick 972] Bloc rejeté: logging_0_62 de greedy_2
[Tick 973] Nouveau bloc accepté: greedy_2_100 de greedy_2, hauteur 153
[Tick 974] Nouveau bloc accepté: greedy_3_95 de greedy_3, hauteur 153
[Tick 979] Choix du parent: logging_0_62 (hauteur 153)
[Tick 980] Tentative de minage au tick 980
[Tick 981] Bloc rejeté: greedy_2_102 de greedy_2
[Tick 982] Nouveau bloc accepté: greedy_2_101 de greedy_2, hauteur 154
[Tick 985] Bloc rejeté: greedy_1_94 de greedy_1
[Tick 987] Nouveau bloc accepté: greedy_3_96 de greedy_3, hauteur 154
[Tick 987] Nouveau bloc accepté: greedy_1_93 de greedy_1, hauteur 154
[Tick 990] Tentative de minage au tick 990
[Tick 990] Choix du parent: greedy_2_102 (hauteur 155)
[Tick 993] Bloc rejeté: logging_0_63 de greedy_1
[Tick 999] Nouveau bloc accepté: greedy_2_103 de greedy_2, hauteur 156
[Tick 999] Nouveau bloc accepté: greedy_3_97 de greedy_3, hauteur 155
[Tick 999] Nouveau bloc accepté: greedy_1_95 de greedy_1, hauteur 156
[Tick 999] Bloc rejeté: logging_0_64 de greedy_2
[Tick 1000] Tentative de minage au tick 1000


--- logging_1 ---
[Tick 0] Stratégie initialisée pour logging_1
[Tick 6] Nouveau bloc accepté: greedy_0_0 de greedy_0, hauteur 1
[Tick 10] Tentative de minage au tick 10
[Tick 11] Nouveau bloc accepté: adaptive_0_0 de adaptive_0, hauteur 2
[Tick 12] Bloc rejeté: adaptive_1_0 de greedy_0
[Tick 14] Nouveau bloc accepté: greedy_3_0 de basic_1, hauteur 1
[Tick 14] Nouveau bloc accepté: adaptive_0_1 de adaptive_0, hauteur 3
[Tick 15] Nouveau bloc accepté: greedy_3_1 de greedy_0, hauteur 2
[Tick 20] Tentative de minage au tick 20
[Tick 20] Nouveau bloc accepté: greedy_2_0 de logging_0, hauteur 3
[Tick 22] Nouveau bloc accepté: basic_1_0 de basic_1, hauteur 3
[Tick 22] Nouveau bloc accepté: greedy_1_0 de adaptive_1, hauteur 2
[Tick 23] Nouveau bloc accepté: greedy_2_1 de basic_0, hauteur 4
[Tick 24] Choix du parent: greedy_2_1 (hauteur 4)
[Tick 24] Nouveau bloc accepté: greedy_3_2 de greedy_3, hauteur 3
[Tick 25] Nouveau bloc accepté: basic_0_0 de basic_1, hauteur 4
[Tick 26] Nouveau bloc accepté: logging_0_0 de basic_1, hauteur 4
[Tick 27] Nouveau bloc accepté: greedy_0_1 de greedy_2, hauteur 4
[Tick 28] Nouveau bloc accepté: greedy_3_3 de basic_1, hauteur 5
[Tick 29] Nouveau bloc accepté: adaptive_1_1 de logging_0, hauteur 5
[Tick 30] Tentative de minage au tick 30
[Tick 30] Bloc rejeté: basic_1_1 de basic_1
[Tick 32] Bloc rejeté: logging_1_0 de adaptive_1
[Tick 33] Nouveau bloc accepté: greedy_1_1 de basic_0, hauteur 4
[Tick 33] Nouveau bloc accepté: greedy_1_2 de greedy_0, hauteur 6
[Tick 35] Nouveau bloc accepté: greedy_2_2 de basic_1, hauteur 6
[Tick 37] Nouveau bloc accepté: basic_0_1 de greedy_2, hauteur 6
[Tick 37] Bloc rejeté: greedy_0_3 de greedy_0
[Tick 38] Nouveau bloc accepté: greedy_0_2 de adaptive_0, hauteur 6
[Tick 38] Nouveau bloc accepté: greedy_3_4 de greedy_2, hauteur 7
[Tick 38] Nouveau bloc accepté: basic_1_2 de greedy_2, hauteur 8
[Tick 39] Nouveau bloc accepté: adaptive_0_2 de adaptive_0, hauteur 8
[Tick 40] Tentative de minage au tick 40
[Tick 43] Nouveau bloc accepté: greedy_1_3 de basic_1, hauteur 8
[Tick 44] Choix du parent: greedy_0_3 (hauteur 8)
[Tick 44] Nouveau bloc accepté: logging_0_1 de logging_0, hauteur 7
[Tick 50] Tentative de minage au tick 50
[Tick 50] Nouveau bloc accepté: greedy_2_3 de adaptive_1, hauteur 9
[Tick 52] Nouveau bloc accepté: greedy_3_5 de logging_0, hauteur 8
[Tick 52] Bloc rejeté: logging_1_1 de logging_0
[Tick 52] Bloc rejeté: greedy_1_5 de greedy_1
[Tick 53] Nouveau bloc accepté: greedy_0_4 de greedy_0, hauteur 10
[Tick 54] Nouveau bloc accepté: greedy_1_4 de basic_1, hauteur 9
[Tick 54] Nouveau bloc accepté: adaptive_0_3 de adaptive_0, hauteur 10
[Tick 55] Nouveau bloc accepté: adaptive_1_2 de greedy_1, hauteur 8
[Tick 56] Nouveau bloc accepté: greedy_2_4 de greedy_2, hauteur 10
[Tick 57] Choix du parent: greedy_1_5 (hauteur 11)
[Tick 57] Nouveau bloc accepté: logging_0_2 de greedy_3, hauteur 10
[Tick 60] Tentative de minage au tick 60
[Tick 61] Nouveau bloc accepté: basic_1_3 de basic_1, hauteur 10
[Tick 61] Nouveau bloc accepté: basic_0_2 de adaptive_0, hauteur 10
[Tick 61] Bloc rejeté: logging_1_2 de greedy_0
[Tick 61] Nouveau bloc accepté: adaptive_1_3 de adaptive_1, hauteur 11
[Tick 63] Nouveau bloc accepté: greedy_2_5 de adaptive_0, hauteur 12
[Tick 65] Nouveau bloc accepté: greedy_3_6 de basic_0, hauteur 11
[Tick 66] Nouveau bloc accepté: greedy_2_6 de greedy_2, hauteur 13
[Tick 66] Nouveau bloc accepté: adaptive_1_4 de basic_1, hauteur 12
[Tick 70] Tentative de minage au tick 70
[Tick 72] Nouveau bloc accepté: greedy_0_5 de greedy_0, hauteur 13
[Tick 72] Nouveau bloc accepté: logging_0_3 de basic_1, hauteur 13
[Tick 72] Nouveau bloc accepté: greedy_3_7 de greedy_2, hauteur 13
[Tick 74] Choix du parent: greedy_2_6 (hauteur 13)
[Tick 74] Nouveau bloc accepté: adaptive_0_4 de adaptive_0, hauteur 14
[Tick 76] Nouveau bloc accepté: basic_0_3 de basic_0, hauteur 14
[Tick 77] Nouveau bloc accepté: basic_1_4 de greedy_3, hauteur 14
[Tick 77] Bloc rejeté: greedy_2_8 de greedy_2
[Tick 79] Nouveau bloc accepté: greedy_1_6 de greedy_1, hauteur 12
[Tick 80] Tentative de minage au tick 80
[Tick 81] Nouveau bloc accepté: greedy_2_7 de greedy_2, hauteur 14
[Tick 85] Nouveau bloc accepté: logging_0_4 de basic_0, hauteur 15
[Tick 86] Nouveau bloc accepté: greedy_1_7 de basic_1, hauteur 15
[Tick 86] Bloc rejeté: logging_1_3 de basic_1
[Tick 87] Choix du parent: greedy_2_8 (hauteur 15)
[Tick 87] Nouveau bloc accepté: greedy_0_6 de greedy_0, hauteur 14
[Tick 87] Nouveau bloc accepté: greedy_3_8 de greedy_1, hauteur 15
[Tick 90] Tentative de minage au tick 90
[Tick 90] Nouveau bloc accepté: adaptive_0_5 de adaptive_0, hauteur 16
[Tick 90] Bloc rejeté: logging_0_5 de logging_0
[Tick 90] Nouveau bloc accepté: greedy_2_9 de basic_0, hauteur 16
[Tick 90] Nouveau bloc accepté: basic_0_4 de greedy_1, hauteur 16
[Tick 92] Bloc rejeté: logging_1_4 de greedy_2
[Tick 92] Nouveau bloc accepté: greedy_3_9 de greedy_3, hauteur 18
[Tick 94] Nouveau bloc accepté: greedy_0_7 de greedy_2, hauteur 16
[Tick 95] Nouveau bloc accepté: greedy_1_8 de greedy_2, hauteur 17
[Tick 96] Nouveau bloc accepté: basic_1_5 de basic_1, hauteur 16
[Tick 96] Nouveau bloc accepté: greedy_2_10 de greedy_2, hauteur 18
[Tick 99] Nouveau bloc accepté: adaptive_1_5 de greedy_1, hauteur 16
[Tick 100] Tentative de minage au tick 100
[Tick 102] Choix du parent: greedy_3_9 (hauteur 18)
[Tick 102] Nouveau bloc accepté: greedy_1_9 de basic_0, hauteur 19
[Tick 103] Nouveau bloc accepté: adaptive_0_6 de adaptive_0, hauteur 20
[Tick 104] Nouveau bloc accepté: logging_0_6 de greedy_0, hauteur 19
[Tick 105] Bloc rejeté: logging_1_5 de basic_0
[Tick 106] Nouveau bloc accepté: basic_0_5 de basic_0, hauteur 18
[Tick 108] Bloc rejeté: adaptive_1_6 de adaptive_1
[Tick 108] Nouveau bloc accepté: greedy_0_8 de greedy_2, hauteur 19
[Tick 109] Nouveau bloc accepté: greedy_0_9 de logging_0, hauteur 20
[Tick 109] Nouveau bloc accepté: greedy_3_10 de logging_0, hauteur 19
[Tick 109] Nouveau bloc accepté: basic_0_6 de basic_1, hauteur 20
[Tick 110] Tentative de minage au tick 110
[Tick 110] Nouveau bloc accepté: basic_1_6 de basic_1, hauteur 20
[Tick 111] Nouveau bloc accepté: greedy_1_10 de greedy_2, hauteur 21
[Tick 113] Nouveau bloc accepté: greedy_3_11 de greedy_3, hauteur 20
[Tick 114] Nouveau bloc accepté: greedy_0_10 de greedy_0, hauteur 21
[Tick 115] Nouveau bloc accepté: greedy_3_12 de greedy_3, hauteur 21
[Tick 116] Nouveau bloc accepté: greedy_2_11 de greedy_2, hauteur 21
[Tick 117] Nouveau bloc accepté: logging_0_7 de logging_0, hauteur 21
[Tick 120] Tentative de minage au tick 120
[Tick 120] Choix du parent: greedy_1_10 (hauteur 21)
[Tick 120] Nouveau bloc accepté: greedy_1_11 de greedy_2, hauteur 22
[Tick 120] Bloc rejeté: basic_1_7 de adaptive_0
[Tick 122] Nouveau bloc accepté: adaptive_0_7 de greedy_3, hauteur 22
[Tick 124] Nouveau bloc accepté: basic_0_7 de greedy_1, hauteur 23
[Tick 127] Nouveau bloc accepté: greedy_3_13 de greedy_3, hauteur 24
[Tick 127] Nouveau bloc accepté: adaptive_1_7 de greedy_0, hauteur 23
[Tick 127] Bloc rejeté: greedy_2_13 de greedy_2
[Tick 128] Bloc rejeté: logging_1_6 de greedy_1
[Tick 129] Nouveau bloc accepté: greedy_0_11 de logging_0, hauteur 23
[Tick 130] Tentative de minage au tick 130
[Tick 130] Nouveau bloc accepté: greedy_2_12 de basic_0, hauteur 23
[Tick 131] Nouveau bloc accepté: greedy_1_12 de adaptive_1, hauteur 24
[Tick 132] Nouveau bloc accepté: adaptive_0_8 de adaptive_0, hauteur 24
[Tick 133] Nouveau bloc accepté: logging_0_8 de greedy_0, hauteur 24
[Tick 134] Nouveau bloc accepté: greedy_1_13 de greedy_1, hauteur 25
[Tick 138] Nouveau bloc accepté: greedy_0_12 de greedy_0, hauteur 25
[Tick 138] Nouveau bloc accepté: greedy_3_14 de greedy_3, hauteur 25
[Tick 139] Choix du parent: greedy_1_13 (hauteur 25)
[Tick 139] Nouveau bloc accepté: adaptive_1_8 de greedy_1, hauteur 24
[Tick 140] Tentative de minage au tick 140
[Tick 140] Nouveau bloc accepté: basic_1_8 de basic_1, hauteur 25
[Tick 141] Nouveau bloc accepté: greedy_2_14 de greedy_1, hauteur 26
[Tick 143] Nouveau bloc accepté: basic_0_8 de greedy_1, hauteur 26
[Tick 145] Nouveau bloc accepté: adaptive_0_9 de greedy_2, hauteur 26
[Tick 145] Nouveau bloc accepté: adaptive_1_9 de logging_0, hauteur 26
[Tick 146] Bloc rejeté: greedy_0_13 de adaptive_1
[Tick 147] Nouveau bloc accepté: logging_0_9 de greedy_2, hauteur 26
[Tick 148] Nouveau bloc accepté: greedy_2_15 de logging_0, hauteur 27
[Tick 148] Bloc rejeté: logging_1_7 de basic_1
[Tick 149] Nouveau bloc accepté: greedy_1_14 de greedy_1, hauteur 28
[Tick 150] Tentative de minage au tick 150
[Tick 151] Choix du parent: greedy_0_13 (hauteur 28)
[Tick 151] Nouveau bloc accepté: greedy_3_15 de greedy_2, hauteur 27
[Tick 153] Bloc rejeté: logging_1_8 de basic_1
[Tick 154] Nouveau bloc accepté: basic_0_9 de basic_0, hauteur 29
[Tick 154] Nouveau bloc accepté: greedy_3_16 de greedy_1, hauteur 28
[Tick 155] Nouveau bloc accepté: basic_1_9 de greedy_0, hauteur 29
[Tick 156] Nouveau bloc accepté: greedy_1_15 de greedy_1, hauteur 29
[Tick 156] Nouveau bloc accepté: logging_0_10 de basic_1, hauteur 29
[Tick 157] Nouveau bloc accepté: greedy_0_14 de greedy_0, hauteur 30
[Tick 159] Nouveau bloc accepté: greedy_2_16 de greedy_2, hauteur 29
[Tick 160] Tentative de minage au tick 160
[Tick 164] Nouveau bloc accepté: logging_0_11 de greedy_3, hauteur 30
[Tick 165] Nouveau bloc accepté: adaptive_1_10 de greedy_1, hauteur 31
[Tick 168] Bloc rejeté: greedy_3_18 de greedy_1
[Tick 168] Bloc rejeté: greedy_2_17 de greedy_2
[Tick 169] Nouveau bloc accepté: adaptive_0_10 de adaptive_0, hauteur 30
[Tick 169] Nouveau bloc accepté: greedy_0_15 de greedy_2, hauteur 31
[Tick 170] Tentative de minage au tick 170
[Tick 170] Choix du parent: adaptive_1_10 (hauteur 31)
[Tick 172] Nouveau bloc accepté: basic_1_10 de basic_1, hauteur 31
[Tick 172] Nouveau bloc accepté: greedy_3_17 de basic_0, hauteur 31
[Tick 174] Nouveau bloc accepté: basic_0_10 de basic_1, hauteur 32
[Tick 176] Nouveau bloc accepté: logging_0_12 de logging_0, hauteur 33
[Tick 176] Bloc rejeté: logging_1_9 de adaptive_1
[Tick 177] Nouveau bloc accepté: greedy_0_16 de basic_0, hauteur 32
[Tick 180] Tentative de minage au tick 180
[Tick 180] Nouveau bloc accepté: greedy_1_16 de greedy_1, hauteur 33
[Tick 180] Nouveau bloc accepté: greedy_3_19 de greedy_3, hauteur 34
[Tick 183] Nouveau bloc accepté: adaptive_0_11 de adaptive_1, hauteur 34
[Tick 184] Nouveau bloc accepté: greedy_2_18 de greedy_2, hauteur 34
[Tick 185] Nouveau bloc accepté: greedy_0_17 de greedy_0, hauteur 35
[Tick 185] Nouveau bloc accepté: greedy_1_17 de adaptive_1, hauteur 34
[Tick 185] Bloc rejeté: basic_0_11 de basic_0
[Tick 186] Nouveau bloc accepté: adaptive_1_11 de adaptive_1, hauteur 34
[Tick 190] Tentative de minage au tick 190
[Tick 191] Nouveau bloc accepté: adaptive_0_12 de logging_0, hauteur 35
[Tick 191] Nouveau bloc accepté: basic_1_11 de greedy_2, hauteur 35
[Tick 192] Choix du parent: basic_0_11 (hauteur 36)
[Tick 192] Nouveau bloc accepté: logging_0_13 de logging_0, hauteur 36
[Tick 193] Nouveau bloc accepté: greedy_0_18 de greedy_0, hauteur 37
[Tick 194] Nouveau bloc accepté: greedy_3_20 de greedy_3, hauteur 37
[Tick 194] Nouveau bloc accepté: adaptive_1_12 de greedy_0, hauteur 36
[Tick 197] Nouveau bloc accepté: basic_0_12 de greedy_3, hauteur 38
[Tick 199] Nouveau bloc accepté: greedy_2_19 de greedy_2, hauteur 35
[Tick 199] Bloc rejeté: logging_1_10 de greedy_1
[Tick 200] Tentative de minage au tick 200
[Tick 201] Nouveau bloc accepté: greedy_1_18 de greedy_1, hauteur 38
[Tick 203] Nouveau bloc accepté: greedy_3_21 de adaptive_0, hauteur 39
[Tick 204] Choix du parent: greedy_3_21 (hauteur 39)
[Tick 206] Nouveau bloc accepté: greedy_0_20 de greedy_0, hauteur 40
[Tick 208] Nouveau bloc accepté: greedy_0_19 de greedy_3, hauteur 38
[Tick 208] Nouveau bloc accepté: basic_1_12 de greedy_1, hauteur 38
[Tick 208] Nouveau bloc accepté: greedy_1_19 de greedy_2, hauteur 40
[Tick 209] Nouveau bloc accepté: greedy_2_20 de greedy_3, hauteur 39
[Tick 209] Bloc rejeté: logging_1_11 de greedy_0
[Tick 210] Tentative de minage au tick 210
[Tick 210] Nouveau bloc accepté: adaptive_1_13 de greedy_2, hauteur 38
[Tick 211] Nouveau bloc accepté: basic_1_13 de basic_1, hauteur 40
[Tick 212] Nouveau bloc accepté: basic_0_13 de adaptive_1, hauteur 40
[Tick 213] Nouveau bloc accepté: greedy_2_21 de greedy_2, hauteur 40
[Tick 217] Nouveau bloc accepté: greedy_3_22 de greedy_0, hauteur 41
[Tick 218] Bloc rejeté: adaptive_0_14 de adaptive_0
[Tick 219] Nouveau bloc accepté: adaptive_0_13 de adaptive_0, hauteur 41
[Tick 219] Nouveau bloc accepté: logging_0_14 de basic_0, hauteur 41
[Tick 220] Tentative de minage au tick 220
[Tick 220] Nouveau bloc accepté: basic_0_14 de greedy_3, hauteur 41
[Tick 221] Choix du parent: adaptive_0_14 (hauteur 42)
[Tick 222] Nouveau bloc accepté: greedy_3_23 de logging_0, hauteur 42
[Tick 223] Nouveau bloc accepté: greedy_2_22 de adaptive_0, hauteur 42
[Tick 226] Nouveau bloc accepté: greedy_1_20 de logging_0, hauteur 42
[Tick 226] Nouveau bloc accepté: greedy_2_23 de greedy_2, hauteur 43
[Tick 227] Nouveau bloc accepté: greedy_3_24 de greedy_3, hauteur 43
[Tick 227] Nouveau bloc accepté: greedy_1_21 de adaptive_1, hauteur 43
[Tick 228] Nouveau bloc accepté: greedy_0_21 de greedy_3, hauteur 42
[Tick 229] Nouveau bloc accepté: adaptive_1_14 de adaptive_1, hauteur 42
[Tick 230] Tentative de minage au tick 230
[Tick 230] Nouveau bloc accepté: basic_1_14 de greedy_3, hauteur 43
[Tick 231] Bloc rejeté: logging_1_12 de adaptive_0
[Tick 233] Nouveau bloc accepté: greedy_0_22 de greedy_0, hauteur 44
[Tick 234] Nouveau bloc accepté: adaptive_0_15 de adaptive_0, hauteur 44
[Tick 236] Nouveau bloc accepté: greedy_1_22 de greedy_1, hauteur 44
[Tick 237] Nouveau bloc accepté: basic_0_15 de basic_0, hauteur 44
[Tick 238] Nouveau bloc accepté: logging_0_15 de adaptive_1, hauteur 44
[Tick 239] Choix du parent: greedy_0_22 (hauteur 44)
[Tick 239] Nouveau bloc accepté: greedy_3_25 de greedy_3, hauteur 45
[Tick 240] Tentative de minage au tick 240
[Tick 240] Nouveau bloc accepté: adaptive_1_15 de greedy_0, hauteur 45
[Tick 246] Nouveau bloc accepté: basic_1_15 de greedy_2, hauteur 45
[Tick 247] Choix du parent: logging_1_13 (hauteur 45)
[Tick 248] Nouveau bloc accepté: greedy_2_24 de adaptive_0, hauteur 44
[Tick 249] Nouveau bloc accepté: greedy_2_25 de greedy_2, hauteur 45
[Tick 250] Tentative de minage au tick 250
[Tick 251] Bloc rejeté: logging_1_14 de adaptive_0
[Tick 252] Bloc rejeté: logging_1_13 de greedy_1
[Tick 252] Nouveau bloc accepté: greedy_1_23 de greedy_3, hauteur 46
[Tick 254] Nouveau bloc accepté: greedy_0_23 de greedy_0, hauteur 46
[Tick 254] Nouveau bloc accepté: basic_0_16 de basic_0, hauteur 47
[Tick 255] Nouveau bloc accepté: logging_0_16 de adaptive_1, hauteur 46
[Tick 256] Nouveau bloc accepté: greedy_2_26 de greedy_2, hauteur 47
[Tick 256] Nouveau bloc accepté: adaptive_0_16 de adaptive_1, hauteur 47
[Tick 257] Nouveau bloc accepté: greedy_0_24 de greedy_0, hauteur 48
[Tick 260] Tentative de minage au tick 260
[Tick 260] Nouveau bloc accepté: greedy_2_27 de greedy_2, hauteur 48
[Tick 262] Nouveau bloc accepté: basic_1_16 de adaptive_1, hauteur 47
[Tick 262] Bloc rejeté: greedy_3_27 de greedy_0
[Tick 263] Choix du parent: greedy_0_24 (hauteur 48)
[Tick 263] Nouveau bloc accepté: greedy_3_26 de logging_0, hauteur 47
[Tick 266] Nouveau bloc accepté: greedy_1_24 de greedy_1, hauteur 47
[Tick 266] Nouveau bloc accepté: adaptive_1_16 de greedy_1, hauteur 48
[Tick 266] Nouveau bloc accepté: greedy_0_25 de logging_0, hauteur 49
[Tick 266] Nouveau bloc accepté: logging_0_17 de adaptive_1, hauteur 49
[Tick 267] Nouveau bloc accepté: adaptive_1_17 de adaptive_1, hauteur 49
[Tick 267] Nouveau bloc accepté: greedy_1_25 de greedy_3, hauteur 49
[Tick 269] Bloc rejeté: logging_1_15 de basic_0
[Tick 270] Tentative de minage au tick 270
[Tick 271] Nouveau bloc accepté: adaptive_0_17 de adaptive_0, hauteur 49
[Tick 272] Nouveau bloc accepté: basic_1_17 de basic_1, hauteur 50
[Tick 275] Nouveau bloc accepté: greedy_2_28 de greedy_0, hauteur 50
[Tick 275] Nouveau bloc accepté: basic_0_17 de basic_1, hauteur 50
[Tick 277] Nouveau bloc accepté: greedy_3_28 de greedy_2, hauteur 50
[Tick 280] Tentative de minage au tick 280
[Tick 280] Bloc rejeté: adaptive_0_18 de adaptive_0
[Tick 281] Nouveau bloc accepté: greedy_0_26 de greedy_0, hauteur 50
[Tick 281] Nouveau bloc accepté: greedy_1_26 de greedy_1, hauteur 51
[Tick 282] Nouveau bloc accepté: greedy_0_27 de greedy_0, hauteur 51
[Tick 284] Choix du parent: adaptive_0_18 (hauteur 52)
[Tick 285] Nouveau bloc accepté: greedy_3_29 de basic_0, hauteur 51
[Tick 285] Bloc rejeté: greedy_2_30 de greedy_2
[Tick 285] Nouveau bloc accepté: greedy_2_29 de basic_0, hauteur 51
[Tick 286] Nouveau bloc accepté: logging_0_18 de basic_0, hauteur 51
[Tick 287] Nouveau bloc accepté: greedy_0_28 de greedy_0, hauteur 53
[Tick 288] Nouveau bloc accepté: basic_0_18 de adaptive_0, hauteur 52
[Tick 288] Nouveau bloc accepté: greedy_1_27 de basic_1, hauteur 52
[Tick 289] Bloc rejeté: logging_1_16 de adaptive_0
[Tick 290] Tentative de minage au tick 290
[Tick 292] Nouveau bloc accepté: adaptive_1_18 de greedy_0, hauteur 52
[Tick 292] Nouveau bloc accepté: greedy_2_31 de greedy_2, hauteur 53
[Tick 299] Nouveau bloc accepté: basic_1_18 de basic_1, hauteur 54
[Tick 299] Nouveau bloc accepté: greedy_3_30 de greedy_0, hauteur 54
[Tick 299] Nouveau bloc accepté: greedy_1_28 de basic_1, hauteur 54
[Tick 300] Tentative de minage au tick 300
[Tick 301] Nouveau bloc accepté: adaptive_0_19 de adaptive_1, hauteur 55
[Tick 302] Nouveau bloc accepté: greedy_2_32 de logging_0, hauteur 54
[Tick 304] Choix du parent: adaptive_0_19 (hauteur 55)
[Tick 306] Nouveau bloc accepté: adaptive_1_19 de adaptive_1, hauteur 55
[Tick 306] Nouveau bloc accepté: greedy_2_33 de greedy_2, hauteur 55
[Tick 306] Nouveau bloc accepté: greedy_0_29 de basic_1, hauteur 56
[Tick 306] Bloc rejeté: logging_1_17 de greedy_2
[Tick 308] Nouveau bloc accepté: basic_1_19 de greedy_2, hauteur 57
[Tick 309] Nouveau bloc accepté: basic_0_19 de basic_1, hauteur 56
[Tick 310] Tentative de minage au tick 310
[Tick 312] Nouveau bloc accepté: greedy_3_31 de basic_1, hauteur 56
[Tick 314] Nouveau bloc accepté: logging_0_19 de logging_0, hauteur 56
[Tick 315] Choix du parent: basic_1_19 (hauteur 57)
[Tick 316] Nouveau bloc accepté: greedy_1_29 de greedy_1, hauteur 58
[Tick 316] Nouveau bloc accepté: greedy_3_32 de adaptive_1, hauteur 57
[Tick 317] Nouveau bloc accepté: logging_0_20 de logging_0, hauteur 57
[Tick 318] Nouveau bloc accepté: adaptive_0_20 de greedy_3, hauteur 57
[Tick 319] Bloc rejeté: greedy_0_30 de greedy_0
[Tick 320] Tentative de minage au tick 320
[Tick 320] Nouveau bloc accepté: adaptive_1_20 de adaptive_1, hauteur 58
[Tick 322] Nouveau bloc accepté: greedy_1_30 de greedy_1, hauteur 59
[Tick 322] Nouveau bloc accepté: greedy_2_34 de adaptive_1, hauteur 58
[Tick 323] Bloc rejeté: basic_0_20 de basic_0
[Tick 324] Bloc rejeté: logging_1_18 de greedy_1
[Tick 325] Nouveau bloc accepté: basic_1_20 de greedy_0, hauteur 59
[Tick 326] Nouveau bloc accepté: greedy_2_35 de greedy_3, hauteur 59
[Tick 328] Nouveau bloc accepté: greedy_3_33 de basic_0, hauteur 60
[Tick 328] Nouveau bloc accepté: adaptive_1_21 de logging_0, hauteur 60
[Tick 329] Nouveau bloc accepté: greedy_2_36 de basic_0, hauteur 60
[Tick 329] Nouveau bloc accepté: basic_1_21 de basic_1, hauteur 61
[Tick 330] Tentative de minage au tick 330
[Tick 330] Choix du parent: basic_1_21 (hauteur 61)
[Tick 333] Nouveau bloc accepté: greedy_0_31 de greedy_1, hauteur 60
[Tick 335] Nouveau bloc accepté: logging_0_21 de greedy_2, hauteur 60
[Tick 336] Nouveau bloc accepté: greedy_3_34 de basic_1, hauteur 61
[Tick 338] Nouveau bloc accepté: greedy_1_31 de greedy_2, hauteur 61
[Tick 339] Bloc rejeté: logging_1_19 de adaptive_0
[Tick 340] Tentative de minage au tick 340
[Tick 340] Nouveau bloc accepté: logging_0_22 de logging_0, hauteur 63
[Tick 341] Nouveau bloc accepté: adaptive_0_21 de adaptive_0, hauteur 61
[Tick 343] Nouveau bloc accepté: greedy_0_32 de adaptive_1, hauteur 62
[Tick 343] Nouveau bloc accepté: basic_1_22 de greedy_0, hauteur 62
[Tick 344] Nouveau bloc accepté: greedy_2_37 de basic_0, hauteur 62
[Tick 345] Nouveau bloc accepté: greedy_0_33 de greedy_3, hauteur 63
[Tick 346] Nouveau bloc accepté: basic_0_22 de basic_0, hauteur 64
[Tick 347] Nouveau bloc accepté: basic_0_21 de adaptive_1, hauteur 62
[Tick 349] Choix du parent: basic_0_22 (hauteur 64)
[Tick 349] Nouveau bloc accepté: adaptive_1_22 de basic_0, hauteur 64
[Tick 350] Tentative de minage au tick 350
[Tick 350] Nouveau bloc accepté: greedy_1_32 de greedy_2, hauteur 64
[Tick 351] Nouveau bloc accepté: greedy_2_38 de greedy_2, hauteur 63
[Tick 351] Nouveau bloc accepté: greedy_3_35 de greedy_3, hauteur 64
[Tick 351] Nouveau bloc accepté: adaptive_0_22 de greedy_2, hauteur 63
[Tick 353] Bloc rejeté: logging_1_20 de greedy_0
[Tick 356] Nouveau bloc accepté: greedy_2_39 de greedy_2, hauteur 65
[Tick 356] Nouveau bloc accepté: logging_0_23 de greedy_3, hauteur 64
[Tick 358] Bloc rejeté: greedy_2_40 de greedy_2
[Tick 359] Nouveau bloc accepté: basic_1_23 de greedy_0, hauteur 65
[Tick 359] Nouveau bloc accepté: logging_0_24 de greedy_2, hauteur 66
[Tick 360] Tentative de minage au tick 360
[Tick 360] Nouveau bloc accepté: greedy_0_34 de greedy_0, hauteur 65
[Tick 361] Choix du parent: greedy_2_40 (hauteur 67)
[Tick 362] Nouveau bloc accepté: adaptive_1_23 de adaptive_1, hauteur 66
[Tick 362] Bloc rejeté: greedy_3_37 de greedy_3
[Tick 364] Nouveau bloc accepté: adaptive_0_23 de basic_0, hauteur 66
[Tick 365] Nouveau bloc accepté: greedy_1_33 de basic_1, hauteur 65
[Tick 365] Nouveau bloc accepté: greedy_3_36 de greedy_2, hauteur 66
[Tick 368] Nouveau bloc accepté: basic_0_23 de greedy_0, hauteur 67
[Tick 370] Tentative de minage au tick 370
[Tick 370] Nouveau bloc accepté: greedy_1_34 de basic_1, hauteur 67
[Tick 371] Nouveau bloc accepté: adaptive_1_24 de adaptive_1, hauteur 68
[Tick 371] Nouveau bloc accepté: basic_1_24 de basic_1, hauteur 68
[Tick 373] Bloc rejeté: logging_1_21 de greedy_0
[Tick 374] Nouveau bloc accepté: adaptive_0_24 de basic_1, hauteur 68
[Tick 375] Nouveau bloc accepté: greedy_2_41 de greedy_2, hauteur 68
[Tick 379] Nouveau bloc accepté: greedy_0_35 de greedy_0, hauteur 69
[Tick 380] Tentative de minage au tick 380
[Tick 380] Nouveau bloc accepté: greedy_1_35 de greedy_1, hauteur 69
[Tick 380] Nouveau bloc accepté: greedy_0_36 de greedy_0, hauteur 70
[Tick 381] Choix du parent: greedy_0_36 (hauteur 70)
[Tick 381] Nouveau bloc accepté: greedy_3_38 de greedy_2, hauteur 69
[Tick 382] Nouveau bloc accepté: logging_0_25 de adaptive_1, hauteur 69
[Tick 383] Nouveau bloc accepté: greedy_2_42 de greedy_2, hauteur 70
[Tick 383] Nouveau bloc accepté: greedy_3_39 de basic_1, hauteur 70
[Tick 387] Nouveau bloc accepté: basic_0_24 de adaptive_0, hauteur 70
[Tick 389] Nouveau bloc accepté: greedy_0_37 de basic_1, hauteur 71
[Tick 390] Tentative de minage au tick 390
[Tick 392] Nouveau bloc accepté: greedy_3_40 de logging_0, hauteur 71
[Tick 393] Bloc rejeté: adaptive_0_25 de adaptive_0
[Tick 393] Bloc rejeté: logging_1_22 de logging_0
[Tick 394] Nouveau bloc accepté: greedy_1_36 de adaptive_1, hauteur 71
[Tick 394] Nouveau bloc accepté: adaptive_1_25 de greedy_0, hauteur 71
[Tick 395] Choix du parent: adaptive_0_25 (hauteur 72)
[Tick 395] Nouveau bloc accepté: basic_1_25 de greedy_0, hauteur 72
[Tick 396] Nouveau bloc accepté: greedy_2_43 de logging_0, hauteur 72
[Tick 397] Bloc rejeté: greedy_2_44 de greedy_2
[Tick 400] Tentative de minage au tick 400
[Tick 401] Nouveau bloc accepté: logging_0_26 de basic_1, hauteur 73
[Tick 401] Bloc rejeté: logging_1_23 de greedy_0
[Tick 403] Nouveau bloc accepté: basic_0_25 de greedy_2, hauteur 73
[Tick 403] Nouveau bloc accepté: adaptive_0_26 de basic_1, hauteur 73
[Tick 404] Nouveau bloc accepté: adaptive_1_26 de adaptive_1, hauteur 74
[Tick 405] Nouveau bloc accepté: greedy_1_38 de greedy_1, hauteur 75
[Tick 406] Nouveau bloc accepté: greedy_2_45 de logging_0, hauteur 75
[Tick 406] Nouveau bloc accepté: greedy_1_37 de greedy_3, hauteur 73
[Tick 407] Choix du parent: greedy_1_38 (hauteur 75)
[Tick 409] Nouveau bloc accepté: greedy_0_38 de greedy_3, hauteur 74
[Tick 410] Tentative de minage au tick 410
[Tick 411] Nouveau bloc accepté: greedy_3_41 de adaptive_1, hauteur 75
[Tick 412] Nouveau bloc accepté: basic_0_26 de greedy_0, hauteur 74
[Tick 414] Nouveau bloc accepté: logging_0_27 de adaptive_1, hauteur 76
[Tick 415] Bloc rejeté: greedy_0_40 de greedy_0
[Tick 416] Nouveau bloc accepté: adaptive_0_27 de greedy_2, hauteur 77
[Tick 418] Nouveau bloc accepté: greedy_0_39 de logging_0, hauteur 76
[Tick 419] Nouveau bloc accepté: adaptive_1_27 de logging_0, hauteur 76
[Tick 420] Tentative de minage au tick 420
[Tick 420] Choix du parent: greedy_0_40 (hauteur 78)
[Tick 420] Nouveau bloc accepté: basic_1_26 de logging_0, hauteur 76
[Tick 421] Nouveau bloc accepté: greedy_1_39 de greedy_1, hauteur 77
[Tick 422] Nouveau bloc accepté: greedy_3_42 de greedy_3, hauteur 77
[Tick 424] Bloc rejeté: logging_1_24 de adaptive_0
[Tick 424] Nouveau bloc accepté: basic_0_27 de adaptive_1, hauteur 79
[Tick 425] Nouveau bloc accepté: greedy_2_47 de greedy_1, hauteur 80
[Tick 426] Nouveau bloc accepté: logging_0_28 de logging_0, hauteur 79
[Tick 428] Nouveau bloc accepté: greedy_1_40 de greedy_1, hauteur 78
[Tick 429] Nouveau bloc accepté: greedy_2_46 de logging_0, hauteur 78
[Tick 430] Tentative de minage au tick 430
[Tick 430] Bloc rejeté: greedy_3_44 de greedy_3
[Tick 431] Nouveau bloc accepté: greedy_0_41 de logging_0, hauteur 80
[Tick 432] Bloc rejeté: logging_1_25 de greedy_3
[Tick 436] Nouveau bloc accepté: greedy_3_43 de greedy_3, hauteur 79
[Tick 436] Nouveau bloc accepté: logging_0_29 de greedy_3, hauteur 81
[Tick 439] Nouveau bloc accepté: adaptive_0_28 de adaptive_0, hauteur 81
[Tick 439] Nouveau bloc accepté: greedy_1_41 de greedy_1, hauteur 81
[Tick 440] Tentative de minage au tick 440
[Tick 440] Choix du parent: logging_0_29 (hauteur 81)
[Tick 441] Nouveau bloc accepté: basic_1_27 de basic_0, hauteur 81
[Tick 444] Nouveau bloc accepté: greedy_3_45 de basic_0, hauteur 82
[Tick 444] Nouveau bloc accepté: greedy_2_48 de basic_1, hauteur 81
[Tick 444] Nouveau bloc accepté: greedy_0_42 de basic_1, hauteur 82
[Tick 445] Nouveau bloc accepté: basic_0_28 de basic_0, hauteur 83
[Tick 446] Nouveau bloc accepté: adaptive_1_28 de adaptive_1, hauteur 81
[Tick 448] Nouveau bloc accepté: greedy_3_46 de greedy_3, hauteur 83
[Tick 449] Bloc rejeté: logging_1_26 de greedy_1
[Tick 450] Tentative de minage au tick 450
[Tick 450] Bloc rejeté: greedy_2_50 de adaptive_1
[Tick 451] Nouveau bloc accepté: greedy_0_43 de greedy_0, hauteur 83
[Tick 453] Nouveau bloc accepté: greedy_2_49 de adaptive_1, hauteur 82
[Tick 454] Nouveau bloc accepté: adaptive_0_29 de adaptive_0, hauteur 84
[Tick 455] Nouveau bloc accepté: adaptive_1_29 de adaptive_1, hauteur 84
[Tick 457] Nouveau bloc accepté: greedy_1_42 de adaptive_0, hauteur 84
[Tick 457] Nouveau bloc accepté: basic_1_28 de adaptive_0, hauteur 85
[Tick 458] Choix du parent: basic_1_28 (hauteur 85)
[Tick 459] Nouveau bloc accepté: logging_0_30 de logging_0, hauteur 85
[Tick 460] Tentative de minage au tick 460
[Tick 461] Nouveau bloc accepté: basic_0_29 de basic_0, hauteur 85
[Tick 462] Nouveau bloc accepté: greedy_0_44 de greedy_0, hauteur 85
[Tick 462] Nouveau bloc accepté: adaptive_1_30 de greedy_1, hauteur 85
[Tick 463] Nouveau bloc accepté: greedy_1_43 de adaptive_1, hauteur 86
[Tick 465] Choix du parent: logging_1_27 (hauteur 86)
[Tick 465] Nouveau bloc accepté: adaptive_0_30 de logging_0, hauteur 86
[Tick 466] Nouveau bloc accepté: greedy_3_47 de greedy_3, hauteur 85
[Tick 466] Nouveau bloc accepté: greedy_2_51 de greedy_3, hauteur 85
[Tick 466] Bloc rejeté: logging_1_27 de adaptive_1
[Tick 468] Nouveau bloc accepté: basic_0_30 de basic_0, hauteur 87
[Tick 469] Nouveau bloc accepté: basic_1_29 de greedy_1, hauteur 87
[Tick 470] Tentative de minage au tick 470
[Tick 471] Bloc rejeté: logging_1_28 de logging_0
[Tick 473] Nouveau bloc accepté: adaptive_0_31 de basic_0, hauteur 88
[Tick 474] Nouveau bloc accepté: greedy_2_52 de greedy_2, hauteur 87
[Tick 475] Nouveau bloc accepté: greedy_1_44 de greedy_1, hauteur 88
[Tick 476] Nouveau bloc accepté: greedy_0_45 de logging_0, hauteur 87
[Tick 476] Bloc rejeté: greedy_2_54 de greedy_2
[Tick 479] Nouveau bloc accepté: greedy_2_53 de adaptive_1, hauteur 88
[Tick 480] Tentative de minage au tick 480
[Tick 482] Nouveau bloc accepté: greedy_3_48 de greedy_3, hauteur 87
[Tick 482] Nouveau bloc accepté: basic_0_31 de greedy_0, hauteur 89
[Tick 483] Choix du parent: greedy_2_54 (hauteur 89)
[Tick 484] Nouveau bloc accepté: adaptive_1_31 de greedy_3, hauteur 90
[Tick 485] Nouveau bloc accepté: logging_0_31 de greedy_1, hauteur 88
[Tick 486] Nouveau bloc accepté: greedy_2_55 de greedy_0, hauteur 90
[Tick 489] Nouveau bloc accepté: greedy_0_46 de basic_1, hauteur 90
[Tick 490] Tentative de minage au tick 490
[Tick 491] Bloc rejeté: greedy_3_50 de greedy_0
[Tick 492] Bloc rejeté: logging_1_29 de greedy_3
[Tick 493] Nouveau bloc accepté: greedy_1_45 de greedy_1, hauteur 91
[Tick 493] Nouveau bloc accepté: basic_1_30 de greedy_1, hauteur 91
[Tick 493] Nouveau bloc accepté: adaptive_1_32 de greedy_3, hauteur 91
[Tick 494] Choix du parent: greedy_1_45 (hauteur 91)
[Tick 495] Nouveau bloc accepté: greedy_3_49 de greedy_3, hauteur 90
[Tick 496] Nouveau bloc accepté: basic_0_32 de greedy_2, hauteur 91
[Tick 497] Nouveau bloc accepté: greedy_2_56 de greedy_2, hauteur 92
[Tick 498] Nouveau bloc accepté: logging_0_32 de logging_0, hauteur 92
[Tick 499] Nouveau bloc accepté: greedy_3_51 de greedy_2, hauteur 92
[Tick 500] Tentative de minage au tick 500
[Tick 501] Nouveau bloc accepté: greedy_0_47 de greedy_3, hauteur 93
[Tick 502] Nouveau bloc accepté: greedy_1_46 de greedy_1, hauteur 93
[Tick 503] Nouveau bloc accepté: adaptive_0_32 de basic_1, hauteur 92
[Tick 504] Nouveau bloc accepté: basic_1_31 de basic_1, hauteur 93
[Tick 504] Bloc rejeté: logging_1_30 de greedy_0
[Tick 504] Nouveau bloc accepté: adaptive_1_33 de logging_0, hauteur 94
[Tick 504] Nouveau bloc accepté: greedy_0_48 de greedy_0, hauteur 94
[Tick 506] Nouveau bloc accepté: basic_0_33 de greedy_3, hauteur 92
[Tick 506] Nouveau bloc accepté: greedy_2_57 de greedy_3, hauteur 95
[Tick 510] Tentative de minage au tick 510
[Tick 510] Choix du parent: greedy_2_57 (hauteur 95)
[Tick 510] Nouveau bloc accepté: greedy_3_52 de logging_0, hauteur 94
[Tick 511] Nouveau bloc accepté: basic_0_34 de basic_0, hauteur 95
[Tick 512] Bloc rejeté: logging_1_31 de logging_0
[Tick 514] Nouveau bloc accepté: basic_1_32 de logging_0, hauteur 96
[Tick 515] Nouveau bloc accepté: basic_0_35 de basic_0, hauteur 97
[Tick 517] Nouveau bloc accepté: adaptive_0_33 de adaptive_0, hauteur 95
[Tick 518] Nouveau bloc accepté: greedy_2_58 de greedy_2, hauteur 96
[Tick 520] Tentative de minage au tick 520
[Tick 520] Nouveau bloc accepté: greedy_1_47 de greedy_1, hauteur 95
[Tick 522] Nouveau bloc accepté: greedy_3_53 de greedy_3, hauteur 97
[Tick 522] Bloc rejeté: adaptive_1_34 de adaptive_1
[Tick 525] Nouveau bloc accepté: greedy_1_48 de greedy_1, hauteur 97
[Tick 525] Bloc rejeté: basic_1_34 de basic_1
[Tick 526] Nouveau bloc accepté: basic_1_33 de greedy_1, hauteur 97
[Tick 527] Nouveau bloc accepté: logging_0_33 de greedy_1, hauteur 97
[Tick 528] Nouveau bloc accepté: greedy_0_49 de greedy_3, hauteur 97
[Tick 528] Nouveau bloc accepté: logging_0_34 de logging_0, hauteur 99
[Tick 529] Nouveau bloc accepté: greedy_3_54 de greedy_3, hauteur 98
[Tick 530] Tentative de minage au tick 530
[Tick 530] Nouveau bloc accepté: adaptive_0_34 de adaptive_1, hauteur 97
[Tick 530] Nouveau bloc accepté: basic_0_36 de greedy_2, hauteur 99
[Tick 531] Choix du parent: logging_0_34 (hauteur 99)
[Tick 531] Nouveau bloc accepté: greedy_2_59 de greedy_2, hauteur 98
[Tick 534] Nouveau bloc accepté: greedy_0_50 de basic_0, hauteur 98
[Tick 537] Nouveau bloc accepté: greedy_1_49 de basic_1, hauteur 99
[Tick 538] Nouveau bloc accepté: greedy_2_60 de adaptive_0, hauteur 100
[Tick 540] Tentative de minage au tick 540
[Tick 540] Nouveau bloc accepté: basic_1_35 de adaptive_0, hauteur 101
[Tick 541] Nouveau bloc accepté: adaptive_1_35 de adaptive_1, hauteur 101
[Tick 542] Nouveau bloc accepté: greedy_0_51 de basic_1, hauteur 99
[Tick 545] Nouveau bloc accepté: greedy_0_52 de greedy_0, hauteur 102
[Tick 547] Choix du parent: greedy_0_52 (hauteur 102)
[Tick 547] Nouveau bloc accepté: basic_0_37 de basic_0, hauteur 101
[Tick 549] Nouveau bloc accepté: adaptive_0_35 de greedy_0, hauteur 101
[Tick 550] Tentative de minage au tick 550
[Tick 554] Bloc rejeté: logging_1_32 de adaptive_0
[Tick 554] Bloc rejeté: adaptive_0_36 de adaptive_0
[Tick 554] Bloc rejeté: logging_1_33 de basic_1
[Tick 556] Nouveau bloc accepté: basic_1_36 de adaptive_0, hauteur 102
[Tick 556] Nouveau bloc accepté: greedy_0_53 de greedy_0, hauteur 103
[Tick 559] Nouveau bloc accepté: basic_0_38 de basic_1, hauteur 103
[Tick 560] Tentative de minage au tick 560
[Tick 561] Choix du parent: logging_1_33 (hauteur 103)
[Tick 561] Bloc rejeté: basic_0_39 de basic_0
[Tick 564] Nouveau bloc accepté: adaptive_1_36 de basic_1, hauteur 103
[Tick 564] Nouveau bloc accepté: adaptive_0_37 de basic_1, hauteur 104
[Tick 565] Bloc rejeté: greedy_0_55 de greedy_0
[Tick 566] Nouveau bloc accepté: basic_1_37 de basic_1, hauteur 104
[Tick 566] Nouveau bloc accepté: greedy_0_54 de adaptive_1, hauteur 104
[Tick 570] Tentative de minage au tick 570
[Tick 570] Nouveau bloc accepté: greedy_0_56 de greedy_0, hauteur 106
[Tick 571] Bloc rejeté: logging_1_34 de adaptive_0
[Tick 578] Choix du parent: greedy_0_56 (hauteur 106)
[Tick 580] Tentative de minage au tick 580
[Tick 580] Nouveau bloc accepté: basic_1_38 de basic_1, hauteur 106
[Tick 581] Nouveau bloc accepté: greedy_0_57 de greedy_0, hauteur 107
[Tick 583] Nouveau bloc accepté: adaptive_1_37 de adaptive_0, hauteur 106
[Tick 584] Choix du parent: logging_1_35 (hauteur 107)
[Tick 587] Nouveau bloc accepté: adaptive_1_38 de greedy_0, hauteur 107
[Tick 587] Nouveau bloc accepté: adaptive_0_38 de basic_0, hauteur 108
[Tick 587] Nouveau bloc accepté: basic_0_41 de basic_0, hauteur 109
[Tick 588] Nouveau bloc accepté: basic_0_40 de adaptive_1, hauteur 106
[Tick 590] Tentative de minage au tick 590
[Tick 590] Nouveau bloc accepté: greedy_0_58 de greedy_0, hauteur 108
[Tick 590] Nouveau bloc accepté: basic_1_39 de basic_1, hauteur 108
[Tick 591] Bloc rejeté: logging_1_35 de basic_1
[Tick 595] Choix du parent: basic_0_41 (hauteur 109)
[Tick 598] Nouveau bloc accepté: greedy_0_59 de greedy_0, hauteur 109
[Tick 599] Bloc rejeté: logging_1_36 de basic_1
[Tick 599] Bloc rejeté: logging_1_37 de greedy_0
[Tick 600] Tentative de minage au tick 600
[Tick 601] Nouveau bloc accepté: adaptive_1_39 de greedy_0, hauteur 110
[Tick 602] Nouveau bloc accepté: basic_0_42 de adaptive_0, hauteur 110
[Tick 607] Nouveau bloc accepté: adaptive_0_39 de basic_0, hauteur 110
[Tick 608] Nouveau bloc accepté: basic_1_40 de basic_0, hauteur 110
[Tick 609] Nouveau bloc accepté: greedy_0_60 de greedy_0, hauteur 111
[Tick 610] Tentative de minage au tick 610
[Tick 610] Choix du parent: greedy_0_60 (hauteur 111)
[Tick 612] Nouveau bloc accepté: basic_0_43 de basic_0, hauteur 112
[Tick 616] Nouveau bloc accepté: adaptive_1_40 de adaptive_1, hauteur 111
[Tick 619] Nouveau bloc accepté: greedy_0_61 de greedy_0, hauteur 112
[Tick 619] Nouveau bloc accepté: adaptive_0_41 de adaptive_0, hauteur 113
[Tick 620] Tentative de minage au tick 620
[Tick 621] Nouveau bloc accepté: basic_1_41 de basic_1, hauteur 112
[Tick 623] Nouveau bloc accepté: adaptive_0_40 de adaptive_0, hauteur 111
[Tick 623] Bloc rejeté: logging_1_38 de basic_1
[Tick 623] Nouveau bloc accepté: greedy_0_62 de greedy_0, hauteur 113
[Tick 630] Tentative de minage au tick 630
[Tick 633] Choix du parent: adaptive_0_41 (hauteur 113)
[Tick 639] Nouveau bloc accepté: basic_1_42 de basic_1, hauteur 114
[Tick 639] Nouveau bloc accepté: basic_0_44 de basic_1, hauteur 114
[Tick 639] Bloc rejeté: logging_1_39 de adaptive_1
[Tick 639] Nouveau bloc accepté: adaptive_1_41 de adaptive_0, hauteur 114
[Tick 639] Nouveau bloc accepté: adaptive_1_42 de adaptive_1, hauteur 115
[Tick 640] Tentative de minage au tick 640
[Tick 640] Nouveau bloc accepté: basic_1_43 de basic_1, hauteur 115
[Tick 641] Nouveau bloc accepté: greedy_0_63 de greedy_0, hauteur 114
[Tick 644] Choix du parent: adaptive_1_42 (hauteur 115)
[Tick 645] Nouveau bloc accepté: adaptive_0_42 de basic_1, hauteur 115
[Tick 648] Bloc rejeté: logging_1_40 de greedy_0
[Tick 650] Tentative de minage au tick 650
[Tick 653] Nouveau bloc accepté: basic_0_45 de basic_0, hauteur 115
[Tick 653] Nouveau bloc accepté: basic_1_44 de basic_1, hauteur 116
[Tick 657] Choix du parent: logging_1_40 (hauteur 116)
[Tick 657] Bloc rejeté: adaptive_0_43 de adaptive_0
[Tick 659] Nouveau bloc accepté: greedy_0_64 de basic_1, hauteur 116
[Tick 660] Tentative de minage au tick 660
[Tick 660] Nouveau bloc accepté: greedy_0_65 de basic_1, hauteur 117
[Tick 666] Choix du parent: logging_1_41 (hauteur 117)
[Tick 668] Bloc rejeté: logging_1_41 de adaptive_1
[Tick 670] Tentative de minage au tick 670
[Tick 670] Nouveau bloc accepté: adaptive_1_43 de greedy_0, hauteur 117
[Tick 673] Nouveau bloc accepté: basic_0_46 de basic_0, hauteur 117
[Tick 673] Nouveau bloc accepté: greedy_0_66 de basic_0, hauteur 118
[Tick 674] Nouveau bloc accepté: basic_0_47 de basic_0, hauteur 118
[Tick 674] Nouveau bloc accepté: adaptive_0_44 de adaptive_0, hauteur 119
[Tick 675] Nouveau bloc accepté: basic_1_45 de basic_1, hauteur 118
[Tick 676] Bloc rejeté: basic_0_48 de basic_0
[Tick 677] Nouveau bloc accepté: adaptive_1_44 de adaptive_1, hauteur 119
[Tick 679] Choix du parent: adaptive_0_44 (hauteur 119)
[Tick 679] Nouveau bloc accepté: greedy_0_67 de greedy_0, hauteur 119
[Tick 679] Nouveau bloc accepté: basic_1_46 de basic_1, hauteur 119
[Tick 680] Tentative de minage au tick 680
[Tick 681] Bloc rejeté: logging_1_42 de adaptive_1
[Tick 684] Nouveau bloc accepté: adaptive_1_45 de greedy_0, hauteur 120
[Tick 685] Nouveau bloc accepté: adaptive_0_45 de adaptive_0, hauteur 121
[Tick 687] Nouveau bloc accepté: greedy_0_68 de greedy_0, hauteur 121
[Tick 687] Bloc rejeté: logging_1_43 de basic_0
[Tick 688] Choix du parent: adaptive_0_45 (hauteur 121)
[Tick 690] Tentative de minage au tick 690
[Tick 690] Nouveau bloc accepté: basic_1_47 de basic_1, hauteur 121
[Tick 693] Nouveau bloc accepté: greedy_0_69 de greedy_0, hauteur 122
[Tick 695] Bloc rejeté: logging_1_44 de basic_0
[Tick 698] Choix du parent: logging_1_44 (hauteur 122)
[Tick 698] Nouveau bloc accepté: basic_0_49 de basic_0, hauteur 122
[Tick 698] Nouveau bloc accepté: greedy_0_70 de greedy_0, hauteur 123
[Tick 700] Tentative de minage au tick 700
[Tick 702] Bloc rejeté: adaptive_0_46 de adaptive_0
[Tick 704] Nouveau bloc accepté: greedy_0_71 de greedy_0, hauteur 124
[Tick 706] Choix du parent: adaptive_0_46 (hauteur 125)
[Tick 707] Nouveau bloc accepté: adaptive_1_46 de adaptive_1, hauteur 122
[Tick 708] Nouveau bloc accepté: basic_1_48 de basic_1, hauteur 124
[Tick 710] Tentative de minage au tick 710
[Tick 713] Bloc rejeté: logging_1_46 de adaptive_0
[Tick 714] Nouveau bloc accepté: basic_0_50 de basic_0, hauteur 123
[Tick 715] Nouveau bloc accepté: basic_0_51 de greedy_0, hauteur 124
[Tick 717] Choix du parent: logging_1_46 (hauteur 126)
[Tick 717] Bloc rejeté: logging_1_45 de basic_1
[Tick 719] Nouveau bloc accepté: adaptive_0_47 de basic_0, hauteur 127
[Tick 720] Tentative de minage au tick 720
[Tick 721] Nouveau bloc accepté: greedy_0_72 de adaptive_1, hauteur 125
[Tick 721] Nouveau bloc accepté: adaptive_1_47 de adaptive_1, hauteur 127
[Tick 724] Nouveau bloc accepté: basic_0_52 de basic_0, hauteur 128
[Tick 726] Bloc rejeté: greedy_0_73 de greedy_0
[Tick 728] Choix du parent: basic_0_52 (hauteur 128)
[Tick 729] Bloc rejeté: basic_1_50 de basic_1
[Tick 730] Tentative de minage au tick 730
[Tick 731] Bloc rejeté: logging_1_47 de greedy_0
[Tick 735] Nouveau bloc accepté: adaptive_1_48 de adaptive_1, hauteur 128
[Tick 735] Bloc rejeté: logging_1_48 de adaptive_1
[Tick 736] Choix du parent: logging_1_48 (hauteur 129)
[Tick 736] Nouveau bloc accepté: basic_1_49 de adaptive_1, hauteur 128
[Tick 738] Nouveau bloc accepté: basic_0_53 de basic_0, hauteur 129
[Tick 739] Nouveau bloc accepté: adaptive_0_48 de adaptive_1, hauteur 129
[Tick 740] Tentative de minage au tick 740
[Tick 740] Bloc rejeté: logging_1_49 de adaptive_1
[Tick 741] Nouveau bloc accepté: greedy_0_74 de greedy_0, hauteur 130
[Tick 741] Nouveau bloc accepté: basic_1_51 de basic_1, hauteur 131
[Tick 742] Nouveau bloc accepté: adaptive_1_49 de adaptive_1, hauteur 131
[Tick 746] Nouveau bloc accepté: greedy_0_75 de greedy_0, hauteur 132
[Tick 750] Tentative de minage au tick 750
[Tick 750] Choix du parent: greedy_0_75 (hauteur 132)
[Tick 751] Nouveau bloc accepté: adaptive_0_49 de adaptive_1, hauteur 132
[Tick 757] Nouveau bloc accepté: basic_1_52 de adaptive_1, hauteur 132
[Tick 760] Tentative de minage au tick 760
[Tick 761] Nouveau bloc accepté: basic_0_54 de adaptive_1, hauteur 132
[Tick 763] Bloc rejeté: logging_1_50 de adaptive_0
[Tick 764] Nouveau bloc accepté: basic_0_55 de adaptive_0, hauteur 133
[Tick 766] Nouveau bloc accepté: adaptive_0_50 de adaptive_1, hauteur 133
[Tick 767] Nouveau bloc accepté: basic_1_53 de greedy_0, hauteur 134
[Tick 768] Nouveau bloc accepté: greedy_0_76 de greedy_0, hauteur 134
[Tick 769] Nouveau bloc accepté: adaptive_1_50 de basic_0, hauteur 133
[Tick 769] Nouveau bloc accepté: greedy_0_77 de greedy_0, hauteur 135
[Tick 769] Nouveau bloc accepté: basic_1_54 de basic_1, hauteur 135
[Tick 770] Tentative de minage au tick 770
[Tick 770] Choix du parent: greedy_0_77 (hauteur 135)
[Tick 776] Bloc rejeté: logging_1_51 de greedy_0
[Tick 777] Nouveau bloc accepté: basic_0_56 de adaptive_0, hauteur 135
[Tick 780] Tentative de minage au tick 780
[Tick 780] Nouveau bloc accepté: greedy_0_78 de greedy_0, hauteur 137
[Tick 780] Nouveau bloc accepté: adaptive_1_51 de adaptive_0, hauteur 136
[Tick 786] Nouveau bloc accepté: basic_1_55 de basic_1, hauteur 136
[Tick 787] Bloc rejeté: adaptive_1_52 de adaptive_1
[Tick 788] Choix du parent: greedy_0_78 (hauteur 137)
[Tick 789] Nouveau bloc accepté: adaptive_0_51 de basic_0, hauteur 137
[Tick 790] Tentative de minage au tick 790
[Tick 792] Nouveau bloc accepté: greedy_0_79 de greedy_0, hauteur 138
[Tick 799] Nouveau bloc accepté: adaptive_0_52 de adaptive_0, hauteur 138
[Tick 800] Tentative de minage au tick 800
[Tick 800] Choix du parent: logging_1_52 (hauteur 138)
[Tick 800] Bloc rejeté: adaptive_0_53 de adaptive_0
[Tick 803] Nouveau bloc accepté: basic_0_57 de adaptive_1, hauteur 138
[Tick 804] Bloc rejeté: greedy_0_81 de greedy_0
[Tick 806] Nouveau bloc accepté: greedy_0_80 de greedy_0, hauteur 139
[Tick 806] Nouveau bloc accepté: basic_1_56 de basic_0, hauteur 138
[Tick 806] Bloc rejeté: logging_1_52 de adaptive_0
[Tick 808] Bloc rejeté: logging_1_53 de basic_1
[Tick 809] Nouveau bloc accepté: basic_1_57 de basic_1, hauteur 139
[Tick 809] Nouveau bloc accepté: basic_0_58 de basic_0, hauteur 139
[Tick 810] Tentative de minage au tick 810
[Tick 813] Nouveau bloc accepté: adaptive_1_53 de basic_1, hauteur 140
[Tick 818] Nouveau bloc accepté: basic_1_58 de basic_1, hauteur 140
[Tick 820] Tentative de minage au tick 820
[Tick 820] Nouveau bloc accepté: basic_0_59 de basic_0, hauteur 141
[Tick 821] Nouveau bloc accepté: adaptive_1_54 de adaptive_1, hauteur 141
[Tick 822] Choix du parent: basic_0_59 (hauteur 141)
[Tick 823] Nouveau bloc accepté: greedy_0_82 de greedy_0, hauteur 141
[Tick 827] Nouveau bloc accepté: adaptive_0_54 de adaptive_0, hauteur 142
[Tick 830] Tentative de minage au tick 830
[Tick 833] Bloc rejeté: basic_1_59 de basic_1
[Tick 834] Nouveau bloc accepté: basic_0_60 de basic_0, hauteur 142
[Tick 837] Nouveau bloc accepté: greedy_0_83 de greedy_0, hauteur 142
[Tick 837] Nouveau bloc accepté: greedy_0_84 de greedy_0, hauteur 144
[Tick 837] Nouveau bloc accepté: adaptive_1_55 de adaptive_1, hauteur 144
[Tick 837] Nouveau bloc accepté: adaptive_0_55 de greedy_0, hauteur 143
[Tick 838] Choix du parent: greedy_0_84 (hauteur 144)
[Tick 840] Tentative de minage au tick 840
[Tick 844] Bloc rejeté: logging_1_54 de adaptive_0
[Tick 847] Nouveau bloc accepté: greedy_0_85 de adaptive_1, hauteur 145
[Tick 848] Choix du parent: logging_1_55 (hauteur 145)
[Tick 848] Nouveau bloc accepté: greedy_0_86 de greedy_0, hauteur 146
[Tick 850] Tentative de minage au tick 850
[Tick 852] Nouveau bloc accepté: basic_0_61 de basic_0, hauteur 145
[Tick 853] Nouveau bloc accepté: greedy_0_87 de greedy_0, hauteur 147
[Tick 854] Bloc rejeté: logging_1_55 de adaptive_0
[Tick 855] Choix du parent: greedy_0_87 (hauteur 147)
[Tick 857] Nouveau bloc accepté: adaptive_0_56 de adaptive_1, hauteur 146
[Tick 859] Bloc rejeté: logging_1_56 de adaptive_0
[Tick 860] Tentative de minage au tick 860
[Tick 860] Nouveau bloc accepté: basic_1_60 de greedy_0, hauteur 146
[Tick 863] Nouveau bloc accepté: basic_0_62 de adaptive_0, hauteur 147
[Tick 863] Nouveau bloc accepté: adaptive_1_56 de greedy_0, hauteur 147
[Tick 863] Nouveau bloc accepté: basic_1_61 de adaptive_1, hauteur 147
[Tick 865] Nouveau bloc accepté: basic_0_63 de basic_0, hauteur 148
[Tick 866] Nouveau bloc accepté: greedy_0_88 de greedy_0, hauteur 148
[Tick 866] Bloc rejeté: logging_1_57 de adaptive_1
[Tick 868] Nouveau bloc accepté: adaptive_0_57 de adaptive_0, hauteur 149
[Tick 869] Choix du parent: adaptive_0_57 (hauteur 149)
[Tick 870] Tentative de minage au tick 870
[Tick 873] Nouveau bloc accepté: greedy_0_89 de greedy_0, hauteur 149
[Tick 876] Nouveau bloc accepté: adaptive_1_57 de adaptive_1, hauteur 149
[Tick 878] Bloc rejeté: logging_1_58 de adaptive_1
[Tick 880] Tentative de minage au tick 880
[Tick 882] Nouveau bloc accepté: basic_1_62 de basic_1, hauteur 151
[Tick 883] Choix du parent: basic_1_62 (hauteur 151)
[Tick 887] Nouveau bloc accepté: basic_0_64 de basic_0, hauteur 151
[Tick 887] Bloc rejeté: adaptive_0_58 de adaptive_0
[Tick 887] Nouveau bloc accepté: adaptive_1_58 de adaptive_0, hauteur 152
[Tick 890] Tentative de minage au tick 890
[Tick 892] Nouveau bloc accepté: greedy_0_90 de greedy_0, hauteur 151
[Tick 893] Nouveau bloc accepté: adaptive_0_59 de adaptive_0, hauteur 153
[Tick 893] Bloc rejeté: logging_1_59 de greedy_0
[Tick 894] Nouveau bloc accepté: basic_1_63 de basic_1, hauteur 153
[Tick 896] Bloc rejeté: greedy_0_92 de greedy_0
[Tick 898] Nouveau bloc accepté: greedy_0_91 de adaptive_1, hauteur 153
[Tick 900] Tentative de minage au tick 900
[Tick 901] Choix du parent: greedy_0_92 (hauteur 154)
[Tick 902] Nouveau bloc accepté: basic_0_65 de adaptive_0, hauteur 154
[Tick 904] Nouveau bloc accepté: basic_1_64 de basic_1, hauteur 154
[Tick 904] Nouveau bloc accepté: adaptive_1_59 de basic_1, hauteur 154
[Tick 910] Tentative de minage au tick 910
[Tick 914] Bloc rejeté: greedy_0_93 de greedy_0
[Tick 914] Nouveau bloc accepté: adaptive_1_60 de adaptive_1, hauteur 155
[Tick 916] Bloc rejeté: logging_1_60 de basic_0
[Tick 916] Nouveau bloc accepté: adaptive_0_60 de basic_1, hauteur 155
[Tick 920] Tentative de minage au tick 920
[Tick 922] Bloc rejeté: adaptive_0_61 de adaptive_0
[Tick 924] Choix du parent: greedy_0_93 (hauteur 156)
[Tick 927] Nouveau bloc accepté: basic_1_65 de basic_1, hauteur 157
[Tick 927] Nouveau bloc accepté: greedy_0_94 de basic_1, hauteur 157
[Tick 928] Bloc rejeté: logging_1_61 de adaptive_0
[Tick 929] Nouveau bloc accepté: basic_0_66 de basic_0, hauteur 156
[Tick 930] Tentative de minage au tick 930
[Tick 933] Nouveau bloc accepté: basic_0_67 de basic_0, hauteur 157
[Tick 934] Choix du parent: adaptive_0_61 (hauteur 158)
[Tick 934] Nouveau bloc accepté: greedy_0_95 de greedy_0, hauteur 158
[Tick 934] Nouveau bloc accepté: adaptive_1_61 de adaptive_1, hauteur 158
[Tick 937] Nouveau bloc accepté: greedy_0_96 de basic_0, hauteur 159
[Tick 937] Nouveau bloc accepté: basic_1_66 de adaptive_1, hauteur 159
[Tick 939] Nouveau bloc accepté: greedy_0_97 de greedy_0, hauteur 160
[Tick 940] Tentative de minage au tick 940
[Tick 940] Bloc rejeté: logging_1_62 de adaptive_1
[Tick 945] Nouveau bloc accepté: adaptive_1_62 de adaptive_1, hauteur 160
[Tick 947] Nouveau bloc accepté: basic_1_67 de adaptive_0, hauteur 161
[Tick 949] Nouveau bloc accepté: basic_0_68 de basic_0, hauteur 160
[Tick 950] Tentative de minage au tick 950
[Tick 950] Bloc rejeté: adaptive_1_63 de adaptive_1
[Tick 951] Nouveau bloc accepté: basic_0_69 de basic_1, hauteur 162
[Tick 952] Choix du parent: basic_0_69 (hauteur 162)
[Tick 954] Nouveau bloc accepté: greedy_0_98 de greedy_0, hauteur 161
[Tick 955] Nouveau bloc accepté: greedy_0_99 de basic_1, hauteur 162
[Tick 957] Nouveau bloc accepté: adaptive_0_62 de greedy_0, hauteur 161
[Tick 958] Nouveau bloc accepté: greedy_0_100 de greedy_0, hauteur 163
[Tick 959] Bloc rejeté: logging_1_63 de adaptive_1
[Tick 960] Tentative de minage au tick 960
[Tick 960] Nouveau bloc accepté: adaptive_0_63 de basic_0, hauteur 163
[Tick 965] Choix du parent: logging_1_63 (hauteur 163)
[Tick 968] Nouveau bloc accepté: basic_1_68 de greedy_0, hauteur 164
[Tick 970] Tentative de minage au tick 970
[Tick 973] Nouveau bloc accepté: basic_0_70 de basic_0, hauteur 163
[Tick 973] Bloc rejeté: logging_1_64 de adaptive_0
[Tick 973] Nouveau bloc accepté: adaptive_0_64 de adaptive_1, hauteur 164
[Tick 974] Choix du parent: logging_1_64 (hauteur 164)
[Tick 978] Nouveau bloc accepté: basic_1_69 de basic_1, hauteur 165
[Tick 979] Nouveau bloc accepté: adaptive_1_64 de adaptive_1, hauteur 164
[Tick 979] Nouveau bloc accepté: basic_0_71 de basic_0, hauteur 165
[Tick 980] Tentative de minage au tick 980
[Tick 985] Bloc rejeté: logging_1_65 de basic_0
[Tick 987] Bloc rejeté: adaptive_1_65 de adaptive_1
[Tick 988] Choix du parent: logging_1_65 (hauteur 165)
[Tick 988] Nouveau bloc accepté: greedy_0_101 de adaptive_1, hauteur 166
[Tick 988] Nouveau bloc accepté: basic_0_72 de greedy_0, hauteur 167
[Tick 990] Tentative de minage au tick 990
[Tick 992] Nouveau bloc accepté: adaptive_0_65 de basic_1, hauteur 167
[Tick 995] Choix du parent: basic_0_72 (hauteur 167)
[Tick 997] Nouveau bloc accepté: greedy_0_102 de greedy_0, hauteur 167
[Tick 997] Nouveau bloc accepté: greedy_0_103 de adaptive_1, hauteur 169
[Tick 998] Nouveau bloc accepté: adaptive_1_66 de adaptive_1, hauteur 170
[Tick 1000] Tentative de minage au tick 1000

